2019-09-03 22:49:38.664 [Test worker] INFO  <clinit> - Initializing browser
2019-09-03 22:49:49.696 [Test worker] INFO  login - Autorization...
2019-09-03 22:49:49.698 [Test worker] INFO  setUsername - Setting username...
2019-09-03 22:49:49.699 [Test worker] INFO  setPassword - Setting password...
2019-09-03 22:49:49.700 [Test worker] INFO  commit - Load main page...
2019-09-03 22:49:50.071 [Test worker] INFO  goToPage - going to page TICKETS
2019-09-03 22:49:51.839 [Test worker] INFO  createTicket - Creating ticket...
2019-09-03 22:49:52.076 [Test worker] INFO  start - Starting registration...
2019-09-03 22:49:52.096 [Test worker] INFO  setDefaultAttributes - Setting attributes by default...
2019-09-03 22:49:52.097 [Test worker] INFO  nextStep - Going to next step...
2019-09-03 22:49:53.982 [Test worker] INFO  setDefaultAttributes - Setting attributes by default...
2019-09-03 22:49:54.853 [Test worker] INFO  find - Searching client...
2019-09-03 22:49:54.966 [Test worker] INFO  clickClientCheckboxAt - Click on checkbox at index ... 0
2019-09-03 22:49:55.784 [Test worker] INFO  clickOrderCheckboxAt - Click on checkbox at index ... 0
2019-09-03 22:49:55.944 [Test worker] INFO  nextStep - Going to next step...
2019-09-03 22:49:56.903 [Test worker] INFO  setDefaultAttributes - Setting attributes by default...
2019-09-03 22:49:57.848 [Test worker] INFO  nextStep - Going to next step...
2019-09-03 22:50:05.460 [Test worker] INFO  setDefaultAttributes - Setting attributes by default...
2019-09-03 22:50:05.460 [Test worker] INFO  nextStep - Going to next step...
2019-09-03 22:50:06.358 [Test worker] INFO  setDefaultAttributes - Setting attributes by default...
2019-09-03 22:50:07.685 [Test worker] INFO  finish - Finishing registration...
2019-09-03 22:50:26.792 [Test worker] INFO  login - Autorization...
2019-09-03 22:50:26.793 [Test worker] INFO  setUsername - Setting username...
2019-09-03 22:50:26.793 [Test worker] INFO  setPassword - Setting password...
2019-09-03 22:50:26.794 [Test worker] INFO  commit - Load main page...
2019-09-03 22:50:27.125 [Test worker] INFO  goToPage - going to page TICKETS
2019-09-03 22:50:28.659 [Test worker] INFO  createTicket - Creating ticket...
2019-09-03 22:50:28.886 [Test worker] INFO  startNET - Network Starting registration...
2019-09-03 22:50:28.977 [Test worker] INFO  setDefaultAttributes - Setting attributes by default...
2019-09-03 22:50:29.092 [Test worker] INFO  nextStep - Going to next step...
2019-09-03 22:50:30.885 [Test worker] INFO  setDefaultAttributes - Setting attributes by default...
2019-09-03 22:50:30.886 [Test worker] INFO  nextStep - Going to next step...
2019-09-03 22:56:10.891 [Test worker] INFO  <clinit> - Initializing browser
2019-09-03 22:56:19.578 [Test worker] INFO  login - Autorization...
2019-09-03 22:56:19.580 [Test worker] INFO  setUsername - Setting username...
2019-09-03 22:56:19.581 [Test worker] INFO  setPassword - Setting password...
2019-09-03 22:56:19.582 [Test worker] INFO  commit - Load main page...
2019-09-03 22:56:20.157 [Test worker] INFO  goToPage - going to page TICKETS
2019-09-03 22:56:22.098 [Test worker] INFO  createTicket - Creating ticket...
2019-09-03 22:56:22.761 [Test worker] INFO  start - Starting registration...
2019-09-03 22:56:22.766 [Test worker] INFO  setDefaultAttributes - Setting attributes by default...
2019-09-03 22:56:22.767 [Test worker] INFO  nextStep - Going to next step...
2019-09-03 22:56:24.816 [Test worker] INFO  setDefaultAttributes - Setting attributes by default...
2019-09-03 22:56:25.989 [Test worker] INFO  find - Searching client...
2019-09-03 22:56:26.127 [Test worker] INFO  clickClientCheckboxAt - Click on checkbox at index ... 0
2019-09-03 22:56:26.570 [Test worker] INFO  clickOrderCheckboxAt - Click on checkbox at index ... 0
2019-09-03 22:56:26.796 [Test worker] INFO  nextStep - Going to next step...
2019-09-03 22:56:28.208 [Test worker] INFO  setDefaultAttributes - Setting attributes by default...
2019-09-03 22:56:29.076 [Test worker] INFO  nextStep - Going to next step...
2019-09-03 22:56:30.948 [Test worker] INFO  setDefaultAttributes - Setting attributes by default...
2019-09-03 22:56:30.949 [Test worker] INFO  nextStep - Going to next step...
2019-09-03 22:56:31.377 [Test worker] INFO  setDefaultAttributes - Setting attributes by default...
2019-09-03 22:56:33.079 [Test worker] INFO  finish - Finishing registration...
2019-09-03 22:56:52.746 [Test worker] INFO  login - Autorization...
2019-09-03 22:56:52.747 [Test worker] INFO  setUsername - Setting username...
2019-09-03 22:56:52.748 [Test worker] INFO  setPassword - Setting password...
2019-09-03 22:56:52.749 [Test worker] INFO  commit - Load main page...
2019-09-03 22:56:53.124 [Test worker] INFO  goToPage - going to page TICKETS
2019-09-03 22:56:54.900 [Test worker] INFO  createTicket - Creating ticket...
2019-09-03 22:56:55.257 [Test worker] INFO  startNET - Network Starting registration...
2019-09-03 22:56:55.343 [Test worker] INFO  setDefaultAttributes - Setting attributes by default...
2019-09-03 22:56:55.469 [Test worker] INFO  nextStep - Going to next step...
