2019-09-23 13:47:17.567 [Test worker] INFO  <clinit> - Initializing browser
2019-09-23 13:47:25.083 [Test worker] INFO  login - Autorization...
2019-09-23 13:47:25.089 [Test worker] INFO  setUsername - Setting username...
2019-09-23 13:47:25.089 [Test worker] INFO  setPassword - Setting password...
2019-09-23 13:47:25.090 [Test worker] INFO  commit - Load main page...
2019-09-23 13:47:25.645 [Test worker] INFO  goToPage - going to page TICKETS
2019-09-23 13:47:28.811 [Test worker] INFO  createTicket - Creating ticket...
2019-09-23 13:47:29.342 [Test worker] INFO  start - Starting registration...
2019-09-23 13:47:29.347 [Test worker] INFO  setDefaultAttributes - Setting attributes by default...
2019-09-23 13:47:29.348 [Test worker] INFO  nextStep - Going to next step...
2019-09-23 13:47:31.286 [Test worker] INFO  setDefaultAttributes - Setting attributes by default...
2019-09-23 13:47:32.200 [Test worker] INFO  find - Searching client...
2019-09-23 13:47:32.315 [Test worker] INFO  clickClientCheckboxAt - Click on checkbox at index ... 0
2019-09-23 13:47:32.790 [Test worker] INFO  clickOrderCheckboxAt - Click on checkbox at index ... 0
2019-09-23 13:47:33.014 [Test worker] INFO  nextStep - Going to next step...
2019-09-23 13:47:34.084 [Test worker] INFO  setDefaultAttributes - Setting attributes by default...
2019-09-23 13:47:35.159 [Test worker] INFO  nextStep - Going to next step...
2019-09-23 13:47:37.110 [Test worker] INFO  setDefaultAttributes - Setting attributes by default...
2019-09-23 13:47:37.111 [Test worker] INFO  nextStep - Going to next step...
2019-09-23 13:47:37.481 [Test worker] INFO  setDefaultAttributes - Setting attributes by default...
2019-09-23 13:47:48.283 [Test worker] INFO  login - Autorization...
2019-09-23 13:47:48.284 [Test worker] INFO  setUsername - Setting username...
2019-09-23 13:47:48.285 [Test worker] INFO  setPassword - Setting password...
2019-09-23 13:47:48.286 [Test worker] INFO  commit - Load main page...
2019-09-23 13:47:48.806 [Test worker] INFO  goToPage - going to page TICKETS
2019-09-23 13:47:51.588 [Test worker] INFO  createTicket - Creating ticket...
2019-09-23 13:47:52.125 [Test worker] INFO  startNET - Network Starting registration...
2019-09-23 13:47:52.424 [Test worker] INFO  setDefaultAttributes - Setting attributes by default...
2019-09-23 13:47:52.882 [Test worker] INFO  nextStep - Going to next step...
2019-09-23 13:47:54.795 [Test worker] INFO  setDefaultAttributes - Setting attributes by default...
2019-09-23 13:47:54.796 [Test worker] INFO  nextStep - Going to next step...
