2019-09-25 17:28:22.060 [Test worker] INFO  <clinit> - Initializing browser
2019-09-25 18:09:01.711 [Test worker] INFO  <clinit> - Initializing browser
2019-09-25 18:09:11.963 [Test worker] INFO  login - Autorization...
2019-09-25 18:09:11.966 [Test worker] INFO  setUsername - Setting username...
2019-09-25 18:09:11.967 [Test worker] INFO  setPassword - Setting password...
2019-09-25 18:09:11.968 [Test worker] INFO  commit - Load main page...
2019-09-25 18:09:14.812 [Test worker] INFO  goToPage - going to page TICKETS
2019-09-25 18:09:21.250 [Test worker] INFO  createTicket - Creating ticket...
2019-09-25 18:09:22.187 [Test worker] INFO  start - Starting registration...
2019-09-25 18:09:22.191 [Test worker] INFO  setDefaultAttributes - Setting attributes by default...
2019-09-25 18:09:22.192 [Test worker] INFO  nextStep - Going to next step...
2019-09-25 18:09:24.579 [Test worker] INFO  setDefaultAttributes - Setting attributes by default...
2019-09-25 18:09:25.923 [Test worker] INFO  find - Searching client...
2019-09-25 18:09:26.150 [Test worker] INFO  clickClientCheckboxAt - Click on checkbox at index ... 0
2019-09-25 18:09:26.789 [Test worker] INFO  clickOrderCheckboxAt - Click on checkbox at index ... 0
2019-09-25 18:09:27.235 [Test worker] INFO  nextStep - Going to next step...
2019-09-25 18:09:28.847 [Test worker] INFO  setDefaultAttributes - Setting attributes by default...
2019-09-25 18:09:30.354 [Test worker] INFO  nextStep - Going to next step...
2019-09-25 18:09:32.677 [Test worker] INFO  setDefaultAttributes - Setting attributes by default...
2019-09-25 18:09:32.678 [Test worker] INFO  nextStep - Going to next step...
2019-09-25 18:09:33.280 [Test worker] INFO  setDefaultAttributes - Setting attributes by default...
2019-09-25 18:09:42.279 [Test worker] INFO  login - Autorization...
2019-09-25 18:09:42.280 [Test worker] INFO  setUsername - Setting username...
2019-09-25 18:09:42.280 [Test worker] INFO  setPassword - Setting password...
2019-09-25 18:09:42.281 [Test worker] INFO  commit - Load main page...
2019-09-25 18:09:42.830 [Test worker] INFO  goToPage - going to page TICKETS
2019-09-25 18:09:46.179 [Test worker] INFO  createTicket - Creating ticket...
2019-09-25 18:09:46.751 [Test worker] INFO  startNET - Network Starting registration...
2019-09-25 18:09:46.961 [Test worker] INFO  setDefaultAttributes - Setting attributes by default...
2019-09-25 18:09:47.507 [Test worker] INFO  nextStep - Going to next step...
2019-09-25 18:09:49.542 [Test worker] INFO  setDefaultAttributes - Setting attributes by default...
2019-09-25 18:09:49.542 [Test worker] INFO  nextStep - Going to next step...
2019-09-25 18:14:17.717 [Test worker] INFO  <clinit> - Initializing browser
2019-09-25 18:14:24.661 [Test worker] INFO  login - Autorization...
2019-09-25 18:14:24.664 [Test worker] INFO  setUsername - Setting username...
2019-09-25 18:14:24.665 [Test worker] INFO  setPassword - Setting password...
2019-09-25 18:14:24.665 [Test worker] INFO  commit - Load main page...
2019-09-25 18:14:26.226 [Test worker] INFO  goToPage - going to page TICKETS
2019-09-25 18:14:31.055 [Test worker] INFO  createTicket - Creating ticket...
2019-09-25 18:14:31.671 [Test worker] INFO  start - Starting registration...
2019-09-25 18:14:31.675 [Test worker] INFO  setDefaultAttributes - Setting attributes by default...
2019-09-25 18:14:31.677 [Test worker] INFO  nextStep - Going to next step...
2019-09-25 18:14:33.630 [Test worker] INFO  setDefaultAttributes - Setting attributes by default...
2019-09-25 18:14:35.120 [Test worker] INFO  find - Searching client...
2019-09-25 18:14:35.559 [Test worker] INFO  clickClientCheckboxAt - Click on checkbox at index ... 0
2019-09-25 18:14:36.333 [Test worker] INFO  clickOrderCheckboxAt - Click on checkbox at index ... 0
2019-09-25 18:14:36.769 [Test worker] INFO  nextStep - Going to next step...
2019-09-25 18:14:37.948 [Test worker] INFO  setDefaultAttributes - Setting attributes by default...
2019-09-25 18:14:38.953 [Test worker] INFO  nextStep - Going to next step...
2019-09-25 18:16:44.624 [Test worker] INFO  <clinit> - Initializing browser
2019-09-25 18:16:51.916 [Test worker] INFO  login - Autorization...
2019-09-25 18:16:51.918 [Test worker] INFO  setUsername - Setting username...
2019-09-25 18:16:51.919 [Test worker] INFO  setPassword - Setting password...
2019-09-25 18:16:51.920 [Test worker] INFO  commit - Load main page...
2019-09-25 18:16:52.492 [Test worker] INFO  goToPage - going to page TICKETS
2019-09-25 18:16:56.086 [Test worker] INFO  createTicket - Creating ticket...
2019-09-25 18:16:56.688 [Test worker] INFO  start - Starting registration...
2019-09-25 18:16:56.692 [Test worker] INFO  setDefaultAttributes - Setting attributes by default...
2019-09-25 18:16:56.695 [Test worker] INFO  nextStep - Going to next step...
2019-09-25 18:16:58.689 [Test worker] INFO  setDefaultAttributes - Setting attributes by default...
2019-09-25 18:16:59.513 [Test worker] INFO  find - Searching client...
2019-09-25 18:16:59.683 [Test worker] INFO  clickClientCheckboxAt - Click on checkbox at index ... 0
2019-09-25 18:17:00.260 [Test worker] INFO  clickOrderCheckboxAt - Click on checkbox at index ... 0
2019-09-25 18:17:00.576 [Test worker] INFO  nextStep - Going to next step...
2019-09-25 18:17:01.682 [Test worker] INFO  setDefaultAttributes - Setting attributes by default...
2019-09-25 18:17:02.678 [Test worker] INFO  nextStep - Going to next step...
2019-09-25 18:17:04.601 [Test worker] INFO  setDefaultAttributes - Setting attributes by default...
2019-09-25 18:17:04.602 [Test worker] INFO  nextStep - Going to next step...
2019-09-25 18:17:05.062 [Test worker] INFO  setDefaultAttributes - Setting attributes by default...
2019-09-25 18:17:06.986 [Test worker] INFO  finish - Finishing registration...
2019-09-25 18:17:22.770 [Test worker] INFO  login - Autorization...
2019-09-25 18:17:22.771 [Test worker] INFO  setUsername - Setting username...
2019-09-25 18:17:22.772 [Test worker] INFO  setPassword - Setting password...
2019-09-25 18:17:22.773 [Test worker] INFO  commit - Load main page...
2019-09-25 18:17:23.345 [Test worker] INFO  goToPage - going to page TICKETS
2019-09-25 18:17:25.926 [Test worker] INFO  createTicket - Creating ticket...
2019-09-25 18:17:26.305 [Test worker] INFO  startNET - Network Starting registration...
2019-09-25 18:17:26.459 [Test worker] INFO  setDefaultAttributes - Setting attributes by default...
2019-09-25 18:17:26.872 [Test worker] INFO  nextStep - Going to next step...
2019-09-25 18:17:28.733 [Test worker] INFO  setDefaultAttributes - Setting attributes by default...
2019-09-25 18:17:28.734 [Test worker] INFO  nextStep - Going to next step...
2019-09-25 18:18:54.103 [Test worker] INFO  <clinit> - Initializing browser
2019-09-25 18:18:59.342 [Test worker] INFO  login - Autorization...
2019-09-25 18:18:59.348 [Test worker] INFO  setUsername - Setting username...
2019-09-25 18:18:59.349 [Test worker] INFO  setPassword - Setting password...
2019-09-25 18:18:59.352 [Test worker] INFO  commit - Load main page...
