2019-08-16 00:17:16.024 [Test worker] INFO  <clinit> - Initializing browser
2019-08-16 00:17:29.998 [Test worker] INFO  <init> - Initializing StartPage...
2019-08-16 00:17:30.043 [Test worker] INFO  login - Autorization...
2019-08-16 00:17:30.626 [Test worker] INFO  goToPage - going to page TICKETS
2019-08-16 00:17:31.270 [Test worker] INFO  <init> - Initializing tickets page...
2019-08-16 00:17:33.135 [Test worker] INFO  createTicket - Creating ticket...
2019-08-16 00:17:33.760 [Test worker] INFO  <init> - Initializing ticket creation page...
2019-08-16 00:17:33.765 [Test worker] INFO  setDefaultAttributes - Setting attributes by default...
2019-08-16 00:17:33.766 [Test worker] INFO  nextStep - Going to next page...
2019-08-16 00:17:33.967 [Test worker] INFO  setDefaultAttributes - Setting attributes by default...
2019-08-16 00:17:35.587 [Test worker] INFO  <init> - Initializing options...
2019-08-16 00:17:36.283 [Test worker] INFO  nextStep - Going to next page...
2019-08-16 00:27:52.263 [Test worker] INFO  <clinit> - Initializing browser
2019-08-16 00:29:08.017 [Test worker] INFO  <clinit> - Initializing browser
2019-08-16 00:29:17.444 [Test worker] INFO  <init> - Initializing StartPage...
2019-08-16 00:29:17.496 [Test worker] INFO  login - Autorization...
2019-08-16 00:29:17.992 [Test worker] INFO  goToPage - going to page TICKETS
2019-08-16 00:29:18.894 [Test worker] INFO  <init> - Initializing tickets page...
2019-08-16 00:29:19.892 [Test worker] INFO  createTicket - Creating ticket...
2019-08-16 00:29:21.462 [Test worker] INFO  <init> - Initializing ticket creation page...
2019-08-16 00:29:21.467 [Test worker] INFO  setDefaultAttributes - Setting attributes by default...
2019-08-16 00:29:21.467 [Test worker] INFO  nextStep - Going to next page...
2019-08-16 00:29:21.686 [Test worker] INFO  setDefaultAttributes - Setting attributes by default...
2019-08-16 00:29:23.244 [Test worker] INFO  <init> - Initializing options...
2019-08-16 00:29:23.904 [Test worker] ERROR sam_test - org.openqa.selenium.StaleElementReferenceException: stale element reference: element is not attached to the page document
  (Session info: chrome=76.0.3809.100)
  (Driver info: chromedriver=2.35.528161 (5b82f2d2aae0ca24b877009200ced9065a772e73),platform=Windows NT 10.0.14393 x86_64) (WARNING: The server did not provide any stacktrace information)
Command duration or timeout: 0 milliseconds
For documentation on this error, please visit: http://seleniumhq.org/exceptions/stale_element_reference.html
Build info: version: '3.5.2', revision: '10229a9', time: '2017-08-21T17:29:55.15Z'
System info: host: 'WGD02RTI412', ip: '10.0.75.1', os.name: 'Windows 10', os.arch: 'amd64', os.version: '10.0', java.version: '1.8.0_161'
Driver info: org.openqa.selenium.chrome.ChromeDriver
Capabilities [{mobileEmulationEnabled=false, hasTouchScreen=false, platform=XP, acceptSslCerts=false, acceptInsecureCerts=false, webStorageEnabled=true, browserName=chrome, takesScreenshot=true, javascriptEnabled=true, setWindowRect=true, unexpectedAlertBehaviour=, applicationCacheEnabled=false, rotatable=false, networkConnectionEnabled=false, chrome={chromedriverVersion=2.35.528161 (5b82f2d2aae0ca24b877009200ced9065a772e73), userDataDir=C:\Users\SERGEY~1.NIK\AppData\Local\Temp\scoped_dir2628_5940}, takesHeapSnapshot=true, pageLoadStrategy=normal, unhandledPromptBehavior=, databaseEnabled=false, handlesAlerts=true, version=76.0.3809.100, browserConnectionEnabled=false, nativeEvents=true, locationContextEnabled=true, cssSelectorsEnabled=true}]
Session ID: 62528515756d9d4a580b18ab2d2e1643
2019-08-16 00:30:44.110 [Test worker] INFO  <clinit> - Initializing browser
2019-08-16 00:30:53.420 [Test worker] INFO  <init> - Initializing StartPage...
2019-08-16 00:30:53.462 [Test worker] INFO  login - Autorization...
2019-08-16 00:30:54.134 [Test worker] INFO  goToPage - going to page TICKETS
2019-08-16 00:30:54.586 [Test worker] INFO  <init> - Initializing tickets page...
2019-08-16 00:30:55.661 [Test worker] INFO  createTicket - Creating ticket...
2019-08-16 00:30:56.146 [Test worker] INFO  <init> - Initializing ticket creation page...
2019-08-16 00:30:56.151 [Test worker] INFO  setDefaultAttributes - Setting attributes by default...
2019-08-16 00:30:56.152 [Test worker] INFO  nextStep - Going to next page...
2019-08-16 00:30:56.379 [Test worker] INFO  setDefaultAttributes - Setting attributes by default...
2019-08-16 00:30:58.045 [Test worker] INFO  <init> - Initializing options...
2019-08-16 00:32:10.938 [Test worker] INFO  <clinit> - Initializing browser
2019-08-16 00:32:19.405 [Test worker] INFO  <init> - Initializing StartPage...
2019-08-16 00:32:19.448 [Test worker] INFO  login - Autorization...
2019-08-16 00:32:19.939 [Test worker] INFO  goToPage - going to page TICKETS
2019-08-16 00:32:20.484 [Test worker] INFO  <init> - Initializing tickets page...
2019-08-16 00:32:21.577 [Test worker] INFO  createTicket - Creating ticket...
2019-08-16 00:32:22.111 [Test worker] INFO  <init> - Initializing ticket creation page...
2019-08-16 00:32:22.118 [Test worker] INFO  setDefaultAttributes - Setting attributes by default...
2019-08-16 00:32:22.119 [Test worker] INFO  nextStep - Going to next page...
2019-08-16 00:32:22.321 [Test worker] INFO  setDefaultAttributes - Setting attributes by default...
2019-08-16 00:32:23.727 [Test worker] INFO  <init> - Initializing options...
2019-08-16 00:34:59.970 [Test worker] INFO  <clinit> - Initializing browser
2019-08-16 00:35:09.517 [Test worker] INFO  <init> - Initializing StartPage...
2019-08-16 00:35:09.555 [Test worker] INFO  login - Autorization...
2019-08-16 00:35:10.067 [Test worker] INFO  goToPage - going to page TICKETS
2019-08-16 00:35:11.136 [Test worker] INFO  <init> - Initializing tickets page...
2019-08-16 00:35:12.189 [Test worker] INFO  createTicket - Creating ticket...
2019-08-16 00:35:12.803 [Test worker] INFO  <init> - Initializing ticket creation page...
2019-08-16 00:35:12.807 [Test worker] INFO  setDefaultAttributes - Setting attributes by default...
2019-08-16 00:35:12.808 [Test worker] INFO  nextStep - Going to next page...
2019-08-16 00:35:12.983 [Test worker] INFO  setDefaultAttributes - Setting attributes by default...
2019-08-16 00:35:14.472 [Test worker] INFO  <init> - Initializing options...
2019-08-16 00:39:51.252 [Test worker] INFO  <clinit> - Initializing browser
2019-08-16 00:40:00.069 [Test worker] INFO  <init> - Initializing StartPage...
2019-08-16 00:40:00.111 [Test worker] INFO  login - Autorization...
2019-08-16 00:40:00.603 [Test worker] INFO  goToPage - going to page TICKETS
2019-08-16 00:40:01.072 [Test worker] INFO  <init> - Initializing tickets page...
2019-08-16 00:40:02.672 [Test worker] INFO  createTicket - Creating ticket...
2019-08-16 00:40:03.151 [Test worker] INFO  <init> - Initializing ticket creation page...
2019-08-16 00:40:03.155 [Test worker] INFO  setDefaultAttributes - Setting attributes by default...
2019-08-16 00:40:03.156 [Test worker] INFO  nextStep - Going to next page...
2019-08-16 00:40:03.361 [Test worker] INFO  setDefaultAttributes - Setting attributes by default...
2019-08-16 00:40:04.824 [Test worker] INFO  <init> - Initializing options...
2019-08-16 00:40:05.221 [Test worker] INFO  waitUntilJSReady - JS is Ready!
2019-08-16 00:42:08.363 [Test worker] INFO  <clinit> - Initializing browser
2019-08-16 00:42:18.626 [Test worker] INFO  <init> - Initializing StartPage...
2019-08-16 00:42:18.666 [Test worker] INFO  login - Autorization...
2019-08-16 00:42:19.110 [Test worker] INFO  goToPage - going to page TICKETS
2019-08-16 00:42:20.412 [Test worker] INFO  <init> - Initializing tickets page...
2019-08-16 00:42:21.840 [Test worker] INFO  createTicket - Creating ticket...
2019-08-16 00:42:22.414 [Test worker] INFO  <init> - Initializing ticket creation page...
2019-08-16 00:42:22.418 [Test worker] INFO  setDefaultAttributes - Setting attributes by default...
2019-08-16 00:42:22.419 [Test worker] INFO  nextStep - Going to next page...
2019-08-16 00:42:22.597 [Test worker] INFO  setDefaultAttributes - Setting attributes by default...
2019-08-16 00:42:24.268 [Test worker] INFO  <init> - Initializing options...
2019-08-16 00:42:24.777 [Test worker] INFO  clickOrderCheckboxAt - !!!!!!!mat-pseudo-checkbox
2019-08-16 00:42:24.960 [Test worker] INFO  nextStep - Going to next page...
2019-08-16 00:42:25.184 [Test worker] INFO  setDefaultAttributes - Setting attributes by default...
2019-08-16 00:45:51.965 [Test worker] INFO  <clinit> - Initializing browser
2019-08-16 00:46:00.258 [Test worker] INFO  <init> - Initializing StartPage...
2019-08-16 00:46:00.295 [Test worker] INFO  login - Autorization...
2019-08-16 00:46:00.784 [Test worker] INFO  goToPage - going to page TICKETS
2019-08-16 00:46:02.094 [Test worker] INFO  <init> - Initializing tickets page...
2019-08-16 00:46:03.102 [Test worker] INFO  createTicket - Creating ticket...
2019-08-16 00:46:03.524 [Test worker] INFO  <init> - Initializing ticket creation page...
2019-08-16 00:46:03.528 [Test worker] INFO  setDefaultAttributes - Setting attributes by default...
2019-08-16 00:46:03.529 [Test worker] INFO  nextStep - Going to next page...
2019-08-16 00:46:03.707 [Test worker] INFO  setDefaultAttributes - Setting attributes by default...
2019-08-16 00:46:04.996 [Test worker] INFO  <init> - Initializing options...
2019-08-16 00:46:06.567 [Test worker] INFO  nextStep - Going to next page...
2019-08-16 00:46:06.735 [Test worker] INFO  setDefaultAttributes - Setting attributes by default...
2019-08-16 00:47:09.082 [Test worker] INFO  <clinit> - Initializing browser
2019-08-16 00:47:17.398 [Test worker] INFO  <init> - Initializing StartPage...
2019-08-16 00:47:17.441 [Test worker] INFO  login - Autorization...
2019-08-16 00:47:17.984 [Test worker] INFO  goToPage - going to page TICKETS
2019-08-16 00:47:19.151 [Test worker] INFO  <init> - Initializing tickets page...
2019-08-16 00:47:28.183 [Test worker] INFO  <clinit> - Initializing browser
2019-08-16 00:47:36.157 [Test worker] INFO  <init> - Initializing StartPage...
2019-08-16 00:47:36.199 [Test worker] INFO  login - Autorization...
2019-08-16 00:47:36.730 [Test worker] INFO  goToPage - going to page TICKETS
2019-08-16 00:47:37.832 [Test worker] INFO  <init> - Initializing tickets page...
2019-08-16 00:47:38.916 [Test worker] INFO  createTicket - Creating ticket...
2019-08-16 00:47:39.396 [Test worker] INFO  <init> - Initializing ticket creation page...
2019-08-16 00:47:39.400 [Test worker] INFO  setDefaultAttributes - Setting attributes by default...
2019-08-16 00:47:39.401 [Test worker] INFO  nextStep - Going to next page...
2019-08-16 00:47:39.587 [Test worker] INFO  setDefaultAttributes - Setting attributes by default...
2019-08-16 00:47:41.112 [Test worker] INFO  <init> - Initializing options...
2019-08-16 00:47:42.759 [Test worker] INFO  nextStep - Going to next page...
2019-08-16 00:47:42.987 [Test worker] INFO  setDefaultAttributes - Setting attributes by default...
2019-08-16 00:50:04.852 [Test worker] INFO  <clinit> - Initializing browser
2019-08-16 00:50:17.607 [Test worker] INFO  <init> - Initializing StartPage...
2019-08-16 00:50:17.650 [Test worker] INFO  login - Autorization...
2019-08-16 00:50:18.115 [Test worker] INFO  goToPage - going to page TICKETS
2019-08-16 00:50:19.015 [Test worker] INFO  <init> - Initializing tickets page...
2019-08-16 00:50:20.474 [Test worker] INFO  createTicket - Creating ticket...
2019-08-16 00:50:20.858 [Test worker] INFO  <init> - Initializing ticket creation page...
2019-08-16 00:50:20.862 [Test worker] INFO  setDefaultAttributes - Setting attributes by default...
2019-08-16 00:50:20.863 [Test worker] INFO  nextStep - Going to next page...
2019-08-16 00:50:21.037 [Test worker] INFO  setDefaultAttributes - Setting attributes by default...
2019-08-16 00:50:22.195 [Test worker] INFO  <init> - Initializing options...
2019-08-16 00:50:46.879 [Test worker] INFO  <clinit> - Initializing browser
2019-08-16 00:50:58.573 [Test worker] INFO  <init> - Initializing StartPage...
2019-08-16 00:50:58.613 [Test worker] INFO  login - Autorization...
2019-08-16 00:50:59.127 [Test worker] INFO  goToPage - going to page TICKETS
2019-08-16 00:50:59.566 [Test worker] INFO  <init> - Initializing tickets page...
2019-08-16 00:51:01.817 [Test worker] INFO  createTicket - Creating ticket...
2019-08-16 00:51:02.379 [Test worker] INFO  <init> - Initializing ticket creation page...
2019-08-16 00:51:02.384 [Test worker] INFO  setDefaultAttributes - Setting attributes by default...
2019-08-16 00:51:02.385 [Test worker] INFO  nextStep - Going to next page...
2019-08-16 00:51:02.575 [Test worker] INFO  setDefaultAttributes - Setting attributes by default...
2019-08-16 00:51:04.070 [Test worker] INFO  <init> - Initializing options...
2019-08-16 00:51:51.459 [Test worker] INFO  <clinit> - Initializing browser
2019-08-16 00:52:03.931 [Test worker] INFO  <init> - Initializing StartPage...
2019-08-16 00:52:03.966 [Test worker] INFO  login - Autorization...
2019-08-16 00:52:04.592 [Test worker] INFO  goToPage - going to page TICKETS
2019-08-16 00:52:04.963 [Test worker] INFO  <init> - Initializing tickets page...
2019-08-16 00:52:07.128 [Test worker] INFO  createTicket - Creating ticket...
2019-08-16 00:52:07.605 [Test worker] INFO  <init> - Initializing ticket creation page...
2019-08-16 00:52:07.609 [Test worker] INFO  setDefaultAttributes - Setting attributes by default...
2019-08-16 00:52:07.610 [Test worker] INFO  nextStep - Going to next page...
2019-08-16 00:52:07.751 [Test worker] INFO  setDefaultAttributes - Setting attributes by default...
2019-08-16 00:52:46.893 [Test worker] INFO  <clinit> - Initializing browser
2019-08-16 00:52:57.641 [Test worker] INFO  <init> - Initializing StartPage...
2019-08-16 00:52:57.682 [Test worker] INFO  login - Autorization...
2019-08-16 00:52:58.271 [Test worker] INFO  goToPage - going to page TICKETS
2019-08-16 00:52:58.810 [Test worker] INFO  <init> - Initializing tickets page...
2019-08-16 00:53:00.695 [Test worker] INFO  createTicket - Creating ticket...
2019-08-16 00:53:01.037 [Test worker] INFO  <init> - Initializing ticket creation page...
2019-08-16 00:53:01.041 [Test worker] INFO  setDefaultAttributes - Setting attributes by default...
2019-08-16 00:53:01.042 [Test worker] INFO  nextStep - Going to next page...
2019-08-16 00:53:01.182 [Test worker] INFO  setDefaultAttributes - Setting attributes by default...
2019-08-16 00:53:02.177 [Test worker] INFO  <init> - Initializing options...
2019-08-16 00:53:52.703 [Test worker] INFO  <clinit> - Initializing browser
2019-08-16 00:54:03.808 [Test worker] INFO  <init> - Initializing StartPage...
2019-08-16 00:54:03.846 [Test worker] INFO  login - Autorization...
2019-08-16 00:54:04.431 [Test worker] INFO  goToPage - going to page TICKETS
2019-08-16 00:54:05.189 [Test worker] INFO  <init> - Initializing tickets page...
2019-08-16 00:54:07.085 [Test worker] INFO  createTicket - Creating ticket...
2019-08-16 00:54:07.523 [Test worker] INFO  <init> - Initializing ticket creation page...
2019-08-16 00:54:07.527 [Test worker] INFO  setDefaultAttributes - Setting attributes by default...
2019-08-16 00:54:07.528 [Test worker] INFO  nextStep - Going to next page...
2019-08-16 00:54:07.692 [Test worker] INFO  setDefaultAttributes - Setting attributes by default...
2019-08-16 00:54:08.978 [Test worker] INFO  <init> - Initializing options...
2019-08-16 00:58:37.189 [Test worker] INFO  <clinit> - Initializing browser
2019-08-16 00:58:49.297 [Test worker] INFO  <init> - Initializing StartPage...
2019-08-16 00:58:49.334 [Test worker] INFO  login - Autorization...
2019-08-16 00:58:49.895 [Test worker] INFO  goToPage - going to page TICKETS
2019-08-16 00:58:50.507 [Test worker] INFO  <init> - Initializing tickets page...
2019-08-16 00:58:51.853 [Test worker] INFO  createTicket - Creating ticket...
2019-08-16 00:58:52.240 [Test worker] INFO  <init> - Initializing ticket creation page...
2019-08-16 00:58:52.245 [Test worker] INFO  setDefaultAttributes - Setting attributes by default...
2019-08-16 00:58:52.246 [Test worker] INFO  nextStep - Going to next page...
2019-08-16 00:58:52.376 [Test worker] INFO  setDefaultAttributes - Setting attributes by default...
2019-08-16 00:59:01.424 [Test worker] INFO  <init> - Initializing options...
2019-08-16 00:59:02.034 [Test worker] INFO  nextStep - Going to next page...
2019-08-16 00:59:02.220 [Test worker] INFO  setDefaultAttributes - Setting attributes by default...
2019-08-16 00:59:19.652 [Test worker] INFO  <clinit> - Initializing browser
2019-08-16 00:59:32.253 [Test worker] INFO  <init> - Initializing StartPage...
2019-08-16 00:59:32.292 [Test worker] INFO  login - Autorization...
2019-08-16 00:59:32.707 [Test worker] INFO  goToPage - going to page TICKETS
2019-08-16 00:59:33.201 [Test worker] INFO  <init> - Initializing tickets page...
2019-08-16 00:59:35.154 [Test worker] INFO  createTicket - Creating ticket...
2019-08-16 00:59:35.537 [Test worker] INFO  <init> - Initializing ticket creation page...
2019-08-16 00:59:35.541 [Test worker] INFO  setDefaultAttributes - Setting attributes by default...
2019-08-16 00:59:35.542 [Test worker] INFO  nextStep - Going to next page...
2019-08-16 00:59:35.706 [Test worker] INFO  setDefaultAttributes - Setting attributes by default...
2019-08-16 00:59:36.820 [Test worker] INFO  <init> - Initializing options...
2019-08-16 00:59:37.559 [Test worker] INFO  nextStep - Going to next page...
2019-08-16 00:59:37.747 [Test worker] INFO  setDefaultAttributes - Setting attributes by default...
2019-08-16 01:02:10.543 [Test worker] INFO  <clinit> - Initializing browser
2019-08-16 01:02:35.631 [Test worker] INFO  <init> - Initializing StartPage...
2019-08-16 01:02:35.674 [Test worker] INFO  login - Autorization...
2019-08-16 01:02:36.088 [Test worker] INFO  goToPage - going to page TICKETS
2019-08-16 01:02:36.405 [Test worker] INFO  <init> - Initializing tickets page...
2019-08-16 01:02:37.885 [Test worker] INFO  createTicket - Creating ticket...
2019-08-16 01:02:38.183 [Test worker] INFO  <init> - Initializing ticket creation page...
2019-08-16 01:02:38.187 [Test worker] INFO  setDefaultAttributes - Setting attributes by default...
2019-08-16 01:02:38.188 [Test worker] INFO  nextStep - Going to next page...
2019-08-16 01:02:38.353 [Test worker] INFO  setDefaultAttributes - Setting attributes by default...
2019-08-16 01:02:39.384 [Test worker] INFO  <init> - Initializing options...
