2019-08-30 09:47:11.470 [Test worker] INFO  <clinit> - Initializing browser
2019-08-30 09:47:29.109 [Test worker] INFO  login - Autorization...
2019-08-30 09:47:29.110 [Test worker] INFO  setUsername - Setting username...
2019-08-30 09:47:29.112 [Test worker] INFO  setPassword - Setting password...
2019-08-30 09:47:29.113 [Test worker] INFO  commit - Load main page...
2019-08-30 09:48:01.524 [Test worker] INFO  <clinit> - Initializing browser
2019-08-30 09:48:17.657 [Test worker] INFO  login - Autorization...
2019-08-30 09:48:17.663 [Test worker] INFO  setUsername - Setting username...
2019-08-30 09:48:17.674 [Test worker] INFO  setPassword - Setting password...
2019-08-30 09:48:17.675 [Test worker] INFO  commit - Load main page...
2019-08-30 09:49:28.594 [Test worker] INFO  <clinit> - Initializing browser
2019-08-30 09:49:45.980 [Test worker] INFO  login - Autorization...
2019-08-30 09:49:45.983 [Test worker] INFO  setUsername - Setting username...
2019-08-30 09:49:45.985 [Test worker] INFO  setPassword - Setting password...
2019-08-30 09:49:45.986 [Test worker] INFO  commit - Load main page...
2019-08-30 10:38:24.982 [Test worker] INFO  <clinit> - Initializing browser
2019-08-30 10:38:42.488 [Test worker] INFO  login - Autorization...
2019-08-30 10:38:42.492 [Test worker] INFO  setUsername - Setting username...
2019-08-30 10:38:42.493 [Test worker] INFO  setPassword - Setting password...
2019-08-30 10:38:42.494 [Test worker] INFO  commit - Load main page...
