2019-08-07 08:04:45.657 [Test worker] INFO  <clinit> - Initializing browser
2019-08-07 08:04:56.385 [Test worker] ERROR commit - Error while writing login and password
java.lang.NullPointerException: null
	at org.openqa.selenium.remote.RemoteWebDriver.findElement(RemoteWebDriver.java:406) ~[selenium-remote-driver-3.5.2.jar:?]
	at app.AutorizationToken.commit(app.AutorizationToken.java:41) ~[main/:?]
	at MyFirstJUnitJupiterTests.sam_test(MyFirstJUnitJupiterTests.java:26) ~[test/:?]
	at sun.reflect.NativeMethodAccessorImpl.invoke0(Native Method) ~[?:1.8.0_161]
	at sun.reflect.NativeMethodAccessorImpl.invoke(NativeMethodAccessorImpl.java:62) ~[?:1.8.0_161]
	at sun.reflect.DelegatingMethodAccessorImpl.invoke(DelegatingMethodAccessorImpl.java:43) ~[?:1.8.0_161]
	at java.lang.reflect.Method.invoke(Method.java:498) ~[?:1.8.0_161]
	at org.junit.platform.commons.util.ReflectionUtils.invokeMethod(ReflectionUtils.java:515) ~[junit-platform-commons-1.3.1.jar:1.3.1]
	at org.junit.jupiter.engine.execution.ExecutableInvoker.invoke(ExecutableInvoker.java:115) ~[junit-jupiter-engine-5.3.1.jar:5.3.1]
	at org.junit.jupiter.engine.descriptor.TestMethodTestDescriptor.lambda$invokeTestMethod$6(TestMethodTestDescriptor.java:171) ~[junit-jupiter-engine-5.3.1.jar:5.3.1]
	at org.junit.platform.engine.support.hierarchical.ThrowableCollector.execute(ThrowableCollector.java:72) ~[junit-platform-engine-1.3.1.jar:1.3.1]
	at org.junit.jupiter.engine.descriptor.TestMethodTestDescriptor.invokeTestMethod(TestMethodTestDescriptor.java:167) ~[junit-jupiter-engine-5.3.1.jar:5.3.1]
	at org.junit.jupiter.engine.descriptor.TestMethodTestDescriptor.execute(TestMethodTestDescriptor.java:114) ~[junit-jupiter-engine-5.3.1.jar:5.3.1]
	at org.junit.jupiter.engine.descriptor.TestMethodTestDescriptor.execute(TestMethodTestDescriptor.java:59) ~[junit-jupiter-engine-5.3.1.jar:5.3.1]
	at org.junit.platform.engine.support.hierarchical.NodeTestTask.lambda$executeRecursively$5(NodeTestTask.java:105) ~[junit-platform-engine-1.3.1.jar:1.3.1]
	at org.junit.platform.engine.support.hierarchical.ThrowableCollector.execute(ThrowableCollector.java:72) ~[junit-platform-engine-1.3.1.jar:1.3.1]
	at org.junit.platform.engine.support.hierarchical.NodeTestTask.executeRecursively(NodeTestTask.java:95) ~[junit-platform-engine-1.3.1.jar:1.3.1]
	at org.junit.platform.engine.support.hierarchical.NodeTestTask.execute(NodeTestTask.java:71) ~[junit-platform-engine-1.3.1.jar:1.3.1]
	at java.util.ArrayList.forEach(ArrayList.java:1257) ~[?:1.8.0_161]
	at org.junit.platform.engine.support.hierarchical.SameThreadHierarchicalTestExecutorService.invokeAll(SameThreadHierarchicalTestExecutorService.java:38) ~[junit-platform-engine-1.3.1.jar:1.3.1]
	at org.junit.platform.engine.support.hierarchical.NodeTestTask.lambda$executeRecursively$5(NodeTestTask.java:110) ~[junit-platform-engine-1.3.1.jar:1.3.1]
	at org.junit.platform.engine.support.hierarchical.ThrowableCollector.execute(ThrowableCollector.java:72) ~[junit-platform-engine-1.3.1.jar:1.3.1]
	at org.junit.platform.engine.support.hierarchical.NodeTestTask.executeRecursively(NodeTestTask.java:95) ~[junit-platform-engine-1.3.1.jar:1.3.1]
	at org.junit.platform.engine.support.hierarchical.NodeTestTask.execute(NodeTestTask.java:71) ~[junit-platform-engine-1.3.1.jar:1.3.1]
	at java.util.ArrayList.forEach(ArrayList.java:1257) ~[?:1.8.0_161]
	at org.junit.platform.engine.support.hierarchical.SameThreadHierarchicalTestExecutorService.invokeAll(SameThreadHierarchicalTestExecutorService.java:38) ~[junit-platform-engine-1.3.1.jar:1.3.1]
	at org.junit.platform.engine.support.hierarchical.NodeTestTask.lambda$executeRecursively$5(NodeTestTask.java:110) ~[junit-platform-engine-1.3.1.jar:1.3.1]
	at org.junit.platform.engine.support.hierarchical.ThrowableCollector.execute(ThrowableCollector.java:72) [junit-platform-engine-1.3.1.jar:1.3.1]
	at org.junit.platform.engine.support.hierarchical.NodeTestTask.executeRecursively(NodeTestTask.java:95) [junit-platform-engine-1.3.1.jar:1.3.1]
	at org.junit.platform.engine.support.hierarchical.NodeTestTask.execute(NodeTestTask.java:71) [junit-platform-engine-1.3.1.jar:1.3.1]
	at org.junit.platform.engine.support.hierarchical.SameThreadHierarchicalTestExecutorService.submit(SameThreadHierarchicalTestExecutorService.java:32) [junit-platform-engine-1.3.1.jar:1.3.1]
	at org.junit.platform.engine.support.hierarchical.HierarchicalTestExecutor.execute(HierarchicalTestExecutor.java:57) [junit-platform-engine-1.3.1.jar:1.3.1]
	at org.junit.platform.engine.support.hierarchical.HierarchicalTestEngine.execute(HierarchicalTestEngine.java:51) [junit-platform-engine-1.3.1.jar:1.3.1]
	at org.junit.platform.launcher.core.DefaultLauncher.execute(DefaultLauncher.java:170) [junit-platform-launcher-1.0.3.jar:1.0.3]
	at org.junit.platform.launcher.core.DefaultLauncher.execute(DefaultLauncher.java:154) [junit-platform-launcher-1.0.3.jar:1.0.3]
	at org.junit.platform.launcher.core.DefaultLauncher.execute(DefaultLauncher.java:90) [junit-platform-launcher-1.0.3.jar:1.0.3]
	at org.gradle.api.internal.tasks.testing.junitplatform.JUnitPlatformTestClassProcessor$CollectAllTestClassesExecutor.processAllTestClasses(JUnitPlatformTestClassProcessor.java:92) [gradle-testing-junit-platform-4.8.jar:4.8]
	at org.gradle.api.internal.tasks.testing.junitplatform.JUnitPlatformTestClassProcessor$CollectAllTestClassesExecutor.access$100(JUnitPlatformTestClassProcessor.java:77) [gradle-testing-junit-platform-4.8.jar:4.8]
	at org.gradle.api.internal.tasks.testing.junitplatform.JUnitPlatformTestClassProcessor.stop(JUnitPlatformTestClassProcessor.java:73) [gradle-testing-junit-platform-4.8.jar:4.8]
	at org.gradle.api.internal.tasks.testing.SuiteTestClassProcessor.stop(SuiteTestClassProcessor.java:61) [gradle-testing-base-4.8.jar:4.8]
	at sun.reflect.NativeMethodAccessorImpl.invoke0(Native Method) ~[?:1.8.0_161]
	at sun.reflect.NativeMethodAccessorImpl.invoke(NativeMethodAccessorImpl.java:62) ~[?:1.8.0_161]
	at sun.reflect.DelegatingMethodAccessorImpl.invoke(DelegatingMethodAccessorImpl.java:43) ~[?:1.8.0_161]
	at java.lang.reflect.Method.invoke(Method.java:498) ~[?:1.8.0_161]
	at org.gradle.internal.dispatch.ReflectionDispatch.dispatch(ReflectionDispatch.java:35) [gradle-messaging-4.8.jar:4.8]
	at org.gradle.internal.dispatch.ReflectionDispatch.dispatch(ReflectionDispatch.java:24) [gradle-messaging-4.8.jar:4.8]
	at org.gradle.internal.dispatch.ContextClassLoaderDispatch.dispatch(ContextClassLoaderDispatch.java:32) [gradle-messaging-4.8.jar:4.8]
	at org.gradle.internal.dispatch.ProxyDispatchAdapter$DispatchingInvocationHandler.invoke(ProxyDispatchAdapter.java:93) [gradle-messaging-4.8.jar:4.8]
	at com.sun.proxy.$Proxy1.stop(Unknown Source) [?:?]
	at org.gradle.api.internal.tasks.testing.worker.TestWorker.stop(TestWorker.java:123) [gradle-testing-base-4.8.jar:4.8]
	at sun.reflect.NativeMethodAccessorImpl.invoke0(Native Method) ~[?:1.8.0_161]
	at sun.reflect.NativeMethodAccessorImpl.invoke(NativeMethodAccessorImpl.java:62) ~[?:1.8.0_161]
	at sun.reflect.DelegatingMethodAccessorImpl.invoke(DelegatingMethodAccessorImpl.java:43) ~[?:1.8.0_161]
	at java.lang.reflect.Method.invoke(Method.java:498) ~[?:1.8.0_161]
	at org.gradle.internal.dispatch.ReflectionDispatch.dispatch(ReflectionDispatch.java:35) [gradle-messaging-4.8.jar:4.8]
	at org.gradle.internal.dispatch.ReflectionDispatch.dispatch(ReflectionDispatch.java:24) [gradle-messaging-4.8.jar:4.8]
	at org.gradle.internal.remote.internal.hub.MessageHubBackedObjectConnection$DispatchWrapper.dispatch(MessageHubBackedObjectConnection.java:155) [gradle-messaging-4.8.jar:4.8]
	at org.gradle.internal.remote.internal.hub.MessageHubBackedObjectConnection$DispatchWrapper.dispatch(MessageHubBackedObjectConnection.java:137) [gradle-messaging-4.8.jar:4.8]
	at org.gradle.internal.remote.internal.hub.MessageHub$Handler.run(MessageHub.java:404) [gradle-messaging-4.8.jar:4.8]
	at org.gradle.internal.concurrent.ExecutorPolicy$CatchAndRecordFailures.onExecute(ExecutorPolicy.java:63) [gradle-base-services-4.8.jar:4.8]
	at org.gradle.internal.concurrent.ManagedExecutorImpl$1.run(ManagedExecutorImpl.java:46) [gradle-base-services-4.8.jar:4.8]
	at java.util.concurrent.ThreadPoolExecutor.runWorker(ThreadPoolExecutor.java:1149) [?:1.8.0_161]
	at java.util.concurrent.ThreadPoolExecutor$Worker.run(ThreadPoolExecutor.java:624) [?:1.8.0_161]
	at org.gradle.internal.concurrent.ThreadFactoryImpl$ManagedThreadRunnable.run(ThreadFactoryImpl.java:55) [gradle-base-services-4.8.jar:4.8]
	at java.lang.Thread.run(Thread.java:748) [?:1.8.0_161]
2019-08-07 08:07:11.846 [Test worker] INFO  <clinit> - Initializing browser
2019-08-07 11:09:44.231 [Test worker] INFO  <clinit> - Initializing browser
2019-08-07 11:09:51.049 [Test worker] INFO  <init> - Initializing StartPage...
2019-08-07 11:09:51.084 [Test worker] INFO  login - Autorization...
2019-08-07 11:09:51.519 [Test worker] INFO  goToPage - going to page TICKETS
2019-08-07 11:09:52.551 [Test worker] INFO  <init> - Initializing tickets page...
2019-08-07 11:10:55.080 [Test worker] INFO  <clinit> - Initializing browser
2019-08-07 11:11:01.340 [Test worker] INFO  <init> - Initializing StartPage...
2019-08-07 11:11:01.376 [Test worker] INFO  login - Autorization...
2019-08-07 11:11:01.825 [Test worker] INFO  goToPage - going to page TICKETS
2019-08-07 11:11:02.902 [Test worker] INFO  <init> - Initializing tickets page...
2019-08-07 11:11:03.161 [Test worker] INFO  createTicket - Creating ticket...
2019-08-07 11:12:11.031 [Test worker] INFO  <clinit> - Initializing browser
2019-08-07 11:12:18.271 [Test worker] INFO  <init> - Initializing StartPage...
2019-08-07 11:12:18.309 [Test worker] INFO  login - Autorization...
2019-08-07 11:12:18.698 [Test worker] INFO  goToPage - going to page TICKETS
2019-08-07 11:12:19.159 [Test worker] INFO  <init> - Initializing tickets page...
2019-08-07 11:12:19.835 [Test worker] INFO  createTicket - Creating ticket...
2019-08-07 11:14:37.698 [Test worker] INFO  <clinit> - Initializing browser
2019-08-07 11:14:48.100 [Test worker] INFO  <init> - Initializing StartPage...
2019-08-07 11:14:48.133 [Test worker] INFO  login - Autorization...
2019-08-07 11:14:48.571 [Test worker] INFO  goToPage - going to page TICKETS
2019-08-07 11:14:49.594 [Test worker] INFO  <init> - Initializing tickets page...
2019-08-07 11:34:08.616 [Test worker] INFO  <clinit> - Initializing browser
2019-08-07 11:34:14.814 [Test worker] INFO  <init> - Initializing StartPage...
2019-08-07 11:34:14.853 [Test worker] INFO  login - Autorization...
2019-08-07 11:34:15.346 [Test worker] INFO  goToPage - going to page TICKETS
2019-08-07 11:35:12.119 [Test worker] INFO  <clinit> - Initializing browser
2019-08-07 11:35:20.810 [Test worker] INFO  <init> - Initializing StartPage...
2019-08-07 11:35:20.862 [Test worker] INFO  login - Autorization...
2019-08-07 11:35:21.536 [Test worker] INFO  goToPage - going to page TICKETS
2019-08-07 11:36:22.553 [Test worker] INFO  <clinit> - Initializing browser
2019-08-07 11:36:28.649 [Test worker] INFO  <init> - Initializing StartPage...
2019-08-07 11:36:28.678 [Test worker] INFO  login - Autorization...
2019-08-07 11:36:29.072 [Test worker] INFO  goToPage - going to page TICKETS
2019-08-07 11:37:24.983 [Test worker] INFO  <clinit> - Initializing browser
2019-08-07 11:37:31.040 [Test worker] INFO  <init> - Initializing StartPage...
2019-08-07 11:37:31.069 [Test worker] INFO  login - Autorization...
2019-08-07 11:37:31.551 [Test worker] INFO  goToPage - going to page TICKETS
2019-08-07 11:37:32.707 [Test worker] INFO  <init> - Initializing tickets page...
2019-08-07 11:38:00.079 [Test worker] INFO  <clinit> - Initializing browser
2019-08-07 11:38:06.312 [Test worker] INFO  <init> - Initializing StartPage...
2019-08-07 11:38:06.346 [Test worker] INFO  login - Autorization...
2019-08-07 11:38:06.799 [Test worker] INFO  goToPage - going to page TICKETS
2019-08-07 11:38:07.955 [Test worker] INFO  <init> - Initializing tickets page...
2019-08-07 11:43:09.527 [Test worker] INFO  <clinit> - Initializing browser
2019-08-07 11:43:15.336 [Test worker] INFO  <init> - Initializing StartPage...
2019-08-07 11:43:15.371 [Test worker] INFO  login - Autorization...
2019-08-07 11:43:15.784 [Test worker] INFO  goToPage - going to page TICKETS
2019-08-07 11:43:16.915 [Test worker] INFO  <init> - Initializing tickets page...
2019-08-07 11:47:54.869 [Test worker] INFO  <clinit> - Initializing browser
2019-08-07 11:48:01.248 [Test worker] INFO  <init> - Initializing StartPage...
2019-08-07 11:48:01.280 [Test worker] INFO  login - Autorization...
2019-08-07 11:48:01.640 [Test worker] INFO  goToPage - going to page TICKETS
2019-08-07 11:53:48.135 [Test worker] INFO  <clinit> - Initializing browser
2019-08-07 11:53:54.276 [Test worker] INFO  <init> - Initializing StartPage...
2019-08-07 11:53:54.313 [Test worker] INFO  login - Autorization...
2019-08-07 11:53:54.761 [Test worker] INFO  goToPage - going to page TICKETS
2019-08-07 11:53:55.836 [Test worker] INFO  <init> - Initializing tickets page...
2019-08-07 11:54:06.078 [Test worker] INFO  createTicket - Creating ticket...
2019-08-07 11:54:46.645 [Test worker] INFO  <clinit> - Initializing browser
2019-08-07 11:54:52.781 [Test worker] INFO  <init> - Initializing StartPage...
2019-08-07 11:54:52.814 [Test worker] INFO  login - Autorization...
2019-08-07 11:54:53.188 [Test worker] INFO  goToPage - going to page TICKETS
2019-08-07 11:54:54.251 [Test worker] INFO  <init> - Initializing tickets page...
2019-08-07 11:55:04.501 [Test worker] INFO  createTicket - Creating ticket...
2019-08-07 11:57:11.293 [Test worker] INFO  <clinit> - Initializing browser
2019-08-07 11:57:17.587 [Test worker] INFO  <init> - Initializing StartPage...
2019-08-07 11:57:17.618 [Test worker] INFO  login - Autorization...
2019-08-07 11:57:18.279 [Test worker] INFO  goToPage - going to page TICKETS
2019-08-07 11:57:19.330 [Test worker] INFO  <init> - Initializing tickets page...
2019-08-07 11:58:36.452 [Test worker] INFO  <clinit> - Initializing browser
2019-08-07 11:58:42.379 [Test worker] INFO  <init> - Initializing StartPage...
2019-08-07 11:58:42.411 [Test worker] INFO  login - Autorization...
2019-08-07 11:58:42.827 [Test worker] INFO  goToPage - going to page TICKETS
2019-08-07 11:58:43.952 [Test worker] INFO  <init> - Initializing tickets page...
2019-08-07 12:10:30.067 [Test worker] INFO  <clinit> - Initializing browser
2019-08-07 12:10:36.207 [Test worker] INFO  <init> - Initializing StartPage...
2019-08-07 12:10:36.246 [Test worker] INFO  login - Autorization...
2019-08-07 12:10:36.706 [Test worker] INFO  goToPage - going to page TICKETS
2019-08-07 12:10:38.008 [Test worker] INFO  <init> - Initializing tickets page...
2019-08-07 12:10:48.316 [Test worker] INFO  createTicket - Creating ticket...
2019-08-07 12:11:32.175 [Test worker] INFO  <clinit> - Initializing browser
2019-08-07 12:11:38.332 [Test worker] INFO  <init> - Initializing StartPage...
2019-08-07 12:11:38.370 [Test worker] INFO  login - Autorization...
2019-08-07 12:11:38.749 [Test worker] INFO  goToPage - going to page TICKETS
2019-08-07 12:11:39.829 [Test worker] INFO  <init> - Initializing tickets page...
2019-08-07 12:11:50.087 [Test worker] INFO  createTicket - Creating ticket...
2019-08-07 12:13:52.109 [Test worker] INFO  <clinit> - Initializing browser
2019-08-07 12:13:58.235 [Test worker] INFO  <init> - Initializing StartPage...
2019-08-07 12:13:58.268 [Test worker] INFO  login - Autorization...
2019-08-07 12:13:58.655 [Test worker] INFO  goToPage - going to page TICKETS
2019-08-07 12:13:59.743 [Test worker] INFO  <init> - Initializing tickets page...
2019-08-07 12:14:10.004 [Test worker] INFO  createTicket - Creating ticket...
2019-08-07 12:15:15.169 [Test worker] INFO  <clinit> - Initializing browser
2019-08-07 12:15:25.245 [Test worker] INFO  <init> - Initializing StartPage...
2019-08-07 12:15:25.284 [Test worker] INFO  login - Autorization...
2019-08-07 12:15:25.660 [Test worker] INFO  goToPage - going to page TICKETS
2019-08-07 12:15:26.567 [Test worker] INFO  <init> - Initializing tickets page...
2019-08-07 12:17:36.826 [Test worker] INFO  <clinit> - Initializing browser
2019-08-07 12:17:43.081 [Test worker] INFO  <init> - Initializing StartPage...
2019-08-07 12:17:43.112 [Test worker] INFO  login - Autorization...
2019-08-07 12:17:43.544 [Test worker] INFO  goToPage - going to page TICKETS
2019-08-07 12:17:44.530 [Test worker] INFO  <init> - Initializing tickets page...
