2019-08-28 17:41:43.199 [Test worker] INFO  <clinit> - Initializing browser
2019-08-28 17:41:53.954 [Test worker] INFO  login - Autorization...
2019-08-28 17:41:53.961 [Test worker] INFO  setUsername - Setting username...
2019-08-28 17:41:53.965 [Test worker] INFO  setPassword - Setting password...
2019-08-28 17:41:53.966 [Test worker] INFO  commit - Load main page...
2019-08-28 17:41:54.470 [Test worker] INFO  goToPage - going to page TICKETS
2019-08-28 17:41:57.452 [Test worker] INFO  createTicket - Creating ticket...
2019-08-28 17:41:57.906 [Test worker] INFO  startNET - Network Starting registration...
2019-08-28 17:41:58.567 [Test worker] INFO  setDefaultAttributes - Setting attributes by default...
2019-08-28 17:41:58.568 [Test worker] INFO  nextStep - Going to next step...
2019-08-28 17:42:00.479 [Test worker] INFO  setDefaultAttributes - Setting attributes by default...
2019-08-28 17:42:00.480 [Test worker] INFO  nextStep - Going to next step...
2019-08-28 17:46:02.872 [Test worker] INFO  <clinit> - Initializing browser
2019-08-28 17:46:08.355 [Test worker] INFO  login - Autorization...
2019-08-28 17:46:08.357 [Test worker] INFO  setUsername - Setting username...
2019-08-28 17:46:08.358 [Test worker] INFO  setPassword - Setting password...
2019-08-28 17:46:08.358 [Test worker] INFO  commit - Load main page...
2019-08-28 17:46:08.975 [Test worker] INFO  goToPage - going to page TICKETS
2019-08-28 17:46:11.317 [Test worker] INFO  createTicket - Creating ticket...
2019-08-28 17:46:11.773 [Test worker] INFO  start - Starting registration...
2019-08-28 17:46:11.777 [Test worker] INFO  setDefaultAttributes - Setting attributes by default...
2019-08-28 17:46:11.778 [Test worker] INFO  nextStep - Going to next step...
2019-08-28 17:46:13.643 [Test worker] INFO  setDefaultAttributes - Setting attributes by default...
2019-08-28 17:46:14.557 [Test worker] INFO  find - Searching client...
2019-08-28 17:46:14.659 [Test worker] INFO  clickClientCheckboxAt - Click on checkbox at index ... 0
2019-08-28 17:46:15.448 [Test worker] INFO  clickOrderCheckboxAt - Click on checkbox at index ... 0
2019-08-28 17:46:15.590 [Test worker] INFO  nextStep - Going to next step...
2019-08-28 17:46:16.199 [Test worker] INFO  setDefaultAttributes - Setting attributes by default...
2019-08-28 17:46:16.748 [Test worker] INFO  nextStep - Going to next step...
2019-08-28 17:46:18.570 [Test worker] INFO  setDefaultAttributes - Setting attributes by default...
2019-08-28 17:46:18.571 [Test worker] INFO  nextStep - Going to next step...
2019-08-28 17:46:19.437 [Test worker] INFO  setDefaultAttributes - Setting attributes by default...
2019-08-28 17:52:49.121 [Test worker] INFO  <clinit> - Initializing browser
2019-08-28 17:52:54.062 [Test worker] INFO  login - Autorization...
2019-08-28 17:52:54.065 [Test worker] INFO  setUsername - Setting username...
2019-08-28 17:52:54.066 [Test worker] INFO  setPassword - Setting password...
2019-08-28 17:52:54.067 [Test worker] INFO  commit - Load main page...
2019-08-28 17:52:54.455 [Test worker] INFO  goToPage - going to page TICKETS
2019-08-28 17:52:56.469 [Test worker] INFO  createTicket - Creating ticket...
2019-08-28 17:52:56.800 [Test worker] INFO  start - Starting registration...
2019-08-28 17:52:56.804 [Test worker] INFO  setDefaultAttributes - Setting attributes by default...
2019-08-28 17:52:56.805 [Test worker] INFO  nextStep - Going to next step...
2019-08-28 17:52:58.663 [Test worker] INFO  setDefaultAttributes - Setting attributes by default...
2019-08-28 17:52:59.505 [Test worker] INFO  find - Searching client...
2019-08-28 17:52:59.625 [Test worker] INFO  clickClientCheckboxAt - Click on checkbox at index ... 0
2019-08-28 17:53:00.392 [Test worker] INFO  clickOrderCheckboxAt - Click on checkbox at index ... 0
2019-08-28 17:53:00.560 [Test worker] INFO  nextStep - Going to next step...
2019-08-28 17:53:01.222 [Test worker] INFO  setDefaultAttributes - Setting attributes by default...
2019-08-28 17:53:01.873 [Test worker] INFO  nextStep - Going to next step...
2019-08-28 17:53:03.708 [Test worker] INFO  setDefaultAttributes - Setting attributes by default...
2019-08-28 17:53:03.708 [Test worker] INFO  nextStep - Going to next step...
2019-08-28 17:53:04.516 [Test worker] INFO  setDefaultAttributes - Setting attributes by default...
2019-08-28 17:57:22.148 [Test worker] INFO  <clinit> - Initializing browser
2019-08-28 17:57:27.706 [Test worker] INFO  login - Autorization...
2019-08-28 17:57:27.709 [Test worker] INFO  setUsername - Setting username...
2019-08-28 17:57:27.709 [Test worker] INFO  setPassword - Setting password...
2019-08-28 17:57:27.711 [Test worker] INFO  commit - Load main page...
2019-08-28 17:57:28.152 [Test worker] INFO  goToPage - going to page TICKETS
2019-08-28 17:57:29.913 [Test worker] INFO  createTicket - Creating ticket...
2019-08-28 17:57:30.318 [Test worker] INFO  start - Starting registration...
2019-08-28 17:57:30.322 [Test worker] INFO  setDefaultAttributes - Setting attributes by default...
2019-08-28 17:57:30.323 [Test worker] INFO  nextStep - Going to next step...
2019-08-28 17:57:32.227 [Test worker] INFO  setDefaultAttributes - Setting attributes by default...
2019-08-28 17:57:33.274 [Test worker] INFO  find - Searching client...
2019-08-28 17:57:33.411 [Test worker] INFO  clickClientCheckboxAt - Click on checkbox at index ... 0
2019-08-28 17:57:34.447 [Test worker] INFO  clickOrderCheckboxAt - Click on checkbox at index ... 0
2019-08-28 17:57:34.625 [Test worker] INFO  nextStep - Going to next step...
2019-08-28 17:57:35.436 [Test worker] INFO  setDefaultAttributes - Setting attributes by default...
2019-08-28 17:57:35.990 [Test worker] INFO  nextStep - Going to next step...
2019-08-28 17:57:37.837 [Test worker] INFO  setDefaultAttributes - Setting attributes by default...
2019-08-28 17:57:37.838 [Test worker] INFO  nextStep - Going to next step...
2019-08-28 17:57:38.616 [Test worker] INFO  setDefaultAttributes - Setting attributes by default...
2019-08-28 17:57:39.921 [Test worker] INFO  finish - Finishing registration...
