2019-08-22 13:16:01.406 [Test worker] INFO  <clinit> - Initializing browser
2019-08-22 13:16:11.867 [Test worker] INFO  <init> - Initializing StartPage...
2019-08-22 13:16:11.906 [Test worker] INFO  login - Autorization...
2019-08-22 13:16:12.412 [Test worker] INFO  goToPage - going to page TICKETS
2019-08-22 13:16:13.718 [Test worker] INFO  <init> - Initializing tickets page...
2019-08-22 13:16:14.758 [Test worker] INFO  createTicket - Creating ticket...
2019-08-22 13:16:15.258 [Test worker] INFO  <init> - Initializing ticket creation page...
2019-08-22 13:16:15.262 [Test worker] INFO  setDefaultAttributes - Setting attributes by default...
2019-08-22 13:16:15.263 [Test worker] INFO  nextStep - Going to next page...
2019-08-22 13:16:16.109 [Test worker] INFO  setDefaultAttributes - Setting attributes by default...
2019-08-22 13:16:16.901 [Test worker] INFO  <init> - Initializing options...
2019-08-22 13:16:18.752 [Test worker] INFO  nextStep - Going to next page...
2019-08-22 13:16:19.593 [Test worker] INFO  setDefaultAttributes - Setting attributes by default...
2019-08-22 13:16:21.522 [Test worker] INFO  nextStep - Going to next page...
2019-08-22 13:16:22.325 [Test worker] INFO  setDefaultAttributes - Setting attributes by default...
2019-08-22 13:16:22.326 [Test worker] INFO  nextStep - Going to next page...
2019-08-22 13:16:22.674 [Test worker] INFO  setDefaultAttributes - Setting attributes by default...
2019-08-22 13:17:49.280 [Test worker] INFO  <clinit> - Initializing browser
2019-08-22 13:17:54.973 [Test worker] INFO  <init> - Initializing StartPage...
2019-08-22 13:17:55.002 [Test worker] INFO  login - Autorization...
2019-08-22 13:17:55.439 [Test worker] INFO  goToPage - going to page TICKETS
2019-08-22 13:17:56.624 [Test worker] INFO  <init> - Initializing tickets page...
2019-08-22 13:17:57.677 [Test worker] INFO  createTicket - Creating ticket...
2019-08-22 13:17:58.111 [Test worker] INFO  <init> - Initializing ticket creation page...
2019-08-22 13:17:58.116 [Test worker] INFO  setDefaultAttributes - Setting attributes by default...
2019-08-22 13:17:58.116 [Test worker] INFO  nextStep - Going to next page...
2019-08-22 13:17:58.954 [Test worker] INFO  setDefaultAttributes - Setting attributes by default...
2019-08-22 13:17:59.728 [Test worker] INFO  <init> - Initializing options...
2019-08-22 13:18:01.849 [Test worker] INFO  nextStep - Going to next page...
2019-08-22 13:18:02.778 [Test worker] INFO  setDefaultAttributes - Setting attributes by default...
2019-08-22 13:18:04.779 [Test worker] INFO  nextStep - Going to next page...
2019-08-22 13:18:05.580 [Test worker] INFO  setDefaultAttributes - Setting attributes by default...
2019-08-22 13:18:05.581 [Test worker] INFO  nextStep - Going to next page...
2019-08-22 13:18:05.940 [Test worker] INFO  setDefaultAttributes - Setting attributes by default...
2019-08-22 13:18:32.737 [Test worker] INFO  <clinit> - Initializing browser
2019-08-22 13:18:38.563 [Test worker] INFO  <init> - Initializing StartPage...
2019-08-22 13:18:38.595 [Test worker] INFO  login - Autorization...
2019-08-22 13:18:39.029 [Test worker] INFO  goToPage - going to page TICKETS
2019-08-22 13:18:40.176 [Test worker] INFO  <init> - Initializing tickets page...
2019-08-22 13:18:41.201 [Test worker] INFO  createTicket - Creating ticket...
2019-08-22 13:18:41.639 [Test worker] INFO  <init> - Initializing ticket creation page...
2019-08-22 13:18:41.643 [Test worker] INFO  setDefaultAttributes - Setting attributes by default...
2019-08-22 13:18:41.643 [Test worker] INFO  nextStep - Going to next page...
2019-08-22 13:18:42.490 [Test worker] INFO  setDefaultAttributes - Setting attributes by default...
2019-08-22 13:18:43.711 [Test worker] INFO  <init> - Initializing options...
2019-08-22 13:18:45.601 [Test worker] INFO  nextStep - Going to next page...
2019-08-22 13:18:46.358 [Test worker] INFO  setDefaultAttributes - Setting attributes by default...
2019-08-22 13:18:48.286 [Test worker] INFO  nextStep - Going to next page...
2019-08-22 13:18:49.070 [Test worker] INFO  setDefaultAttributes - Setting attributes by default...
2019-08-22 13:18:49.071 [Test worker] INFO  nextStep - Going to next page...
2019-08-22 13:18:49.456 [Test worker] INFO  setDefaultAttributes - Setting attributes by default...
2019-08-22 13:21:59.396 [Test worker] INFO  <clinit> - Initializing browser
2019-08-22 13:22:06.192 [Test worker] INFO  <init> - Initializing StartPage...
2019-08-22 13:22:06.226 [Test worker] INFO  login - Autorization...
2019-08-22 13:22:06.712 [Test worker] INFO  goToPage - going to page TICKETS
2019-08-22 13:22:08.103 [Test worker] INFO  <init> - Initializing tickets page...
2019-08-22 13:22:09.272 [Test worker] INFO  createTicket - Creating ticket...
2019-08-22 13:22:09.887 [Test worker] INFO  <init> - Initializing ticket creation page...
2019-08-22 13:22:09.892 [Test worker] INFO  setDefaultAttributes - Setting attributes by default...
2019-08-22 13:22:09.893 [Test worker] INFO  nextStep - Going to next page...
2019-08-22 13:22:10.840 [Test worker] INFO  setDefaultAttributes - Setting attributes by default...
2019-08-22 13:22:12.125 [Test worker] INFO  <init> - Initializing options...
2019-08-22 13:22:14.069 [Test worker] INFO  nextStep - Going to next page...
2019-08-22 13:22:14.903 [Test worker] INFO  setDefaultAttributes - Setting attributes by default...
2019-08-22 13:22:17.036 [Test worker] INFO  nextStep - Going to next page...
2019-08-22 13:22:17.859 [Test worker] INFO  setDefaultAttributes - Setting attributes by default...
2019-08-22 13:22:17.860 [Test worker] INFO  nextStep - Going to next page...
2019-08-22 13:22:18.295 [Test worker] INFO  setDefaultAttributes - Setting attributes by default...
2019-08-22 13:24:39.081 [Test worker] INFO  <clinit> - Initializing browser
2019-08-22 13:24:44.334 [Test worker] INFO  <init> - Initializing StartPage...
2019-08-22 13:24:44.362 [Test worker] INFO  login - Autorization...
2019-08-22 13:24:44.783 [Test worker] INFO  goToPage - going to page TICKETS
2019-08-22 13:24:45.895 [Test worker] INFO  <init> - Initializing tickets page...
2019-08-22 13:24:46.898 [Test worker] INFO  createTicket - Creating ticket...
2019-08-22 13:24:47.378 [Test worker] INFO  <init> - Initializing ticket creation page...
2019-08-22 13:24:47.381 [Test worker] INFO  setDefaultAttributes - Setting attributes by default...
2019-08-22 13:24:47.382 [Test worker] INFO  nextStep - Going to next page...
2019-08-22 13:24:48.186 [Test worker] INFO  setDefaultAttributes - Setting attributes by default...
2019-08-22 13:24:48.927 [Test worker] INFO  <init> - Initializing options...
2019-08-22 13:24:50.635 [Test worker] INFO  nextStep - Going to next page...
2019-08-22 13:24:55.651 [Test worker] INFO  setDefaultAttributes - Setting attributes by default...
2019-08-22 13:24:57.532 [Test worker] INFO  nextStep - Going to next page...
2019-08-22 13:24:58.427 [Test worker] INFO  setDefaultAttributes - Setting attributes by default...
2019-08-22 13:24:58.428 [Test worker] INFO  nextStep - Going to next page...
2019-08-22 13:24:58.711 [Test worker] INFO  setDefaultAttributes - Setting attributes by default...
2019-08-22 13:28:49.128 [Test worker] INFO  <clinit> - Initializing browser
2019-08-22 13:28:57.400 [Test worker] INFO  <init> - Initializing StartPage...
2019-08-22 13:28:57.441 [Test worker] INFO  login - Autorization...
2019-08-22 13:28:58.019 [Test worker] INFO  goToPage - going to page TICKETS
2019-08-22 13:28:59.497 [Test worker] INFO  <init> - Initializing tickets page...
2019-08-22 13:29:00.584 [Test worker] INFO  createTicket - Creating ticket...
2019-08-22 13:29:01.198 [Test worker] INFO  <init> - Initializing ticket creation page...
2019-08-22 13:29:01.256 [Test worker] INFO  setDefaultAttributes - Setting attributes by default...
2019-08-22 13:29:01.257 [Test worker] INFO  nextStep - Going to next page...
2019-08-22 13:29:02.138 [Test worker] INFO  setDefaultAttributes - Setting attributes by default...
2019-08-22 13:29:03.517 [Test worker] INFO  <init> - Initializing options...
2019-08-22 13:29:06.173 [Test worker] INFO  nextStep - Going to next page...
2019-08-22 13:29:07.202 [Test worker] INFO  setDefaultAttributes - Setting attributes by default...
2019-08-22 13:29:10.234 [Test worker] INFO  nextStep - Going to next page...
2019-08-22 13:29:11.471 [Test worker] INFO  setDefaultAttributes - Setting attributes by default...
2019-08-22 13:29:11.472 [Test worker] INFO  nextStep - Going to next page...
2019-08-22 13:29:12.027 [Test worker] INFO  setDefaultAttributes - Setting attributes by default...
2019-08-22 13:31:56.867 [Test worker] INFO  <clinit> - Initializing browser
2019-08-22 13:32:02.867 [Test worker] INFO  <init> - Initializing StartPage...
2019-08-22 13:32:02.908 [Test worker] INFO  login - Autorization...
2019-08-22 13:32:03.380 [Test worker] INFO  goToPage - going to page TICKETS
2019-08-22 13:32:05.263 [Test worker] INFO  <init> - Initializing tickets page...
2019-08-22 13:32:06.263 [Test worker] INFO  createTicket - Creating ticket...
2019-08-22 13:32:06.910 [Test worker] INFO  <init> - Initializing ticket creation page...
2019-08-22 13:32:06.944 [Test worker] INFO  setDefaultAttributes - Setting attributes by default...
2019-08-22 13:32:06.945 [Test worker] INFO  nextStep - Going to next page...
2019-08-22 13:32:07.828 [Test worker] INFO  setDefaultAttributes - Setting attributes by default...
2019-08-22 13:32:08.724 [Test worker] INFO  <init> - Initializing options...
2019-08-22 13:32:10.898 [Test worker] INFO  nextStep - Going to next page...
2019-08-22 13:32:12.185 [Test worker] INFO  setDefaultAttributes - Setting attributes by default...
2019-08-22 13:32:14.326 [Test worker] INFO  nextStep - Going to next page...
2019-08-22 13:32:15.222 [Test worker] INFO  setDefaultAttributes - Setting attributes by default...
2019-08-22 13:32:15.223 [Test worker] INFO  nextStep - Going to next page...
2019-08-22 13:32:15.648 [Test worker] INFO  setDefaultAttributes - Setting attributes by default...
2019-08-22 14:08:17.879 [Test worker] INFO  <clinit> - Initializing browser
2019-08-22 14:08:25.880 [Test worker] INFO  <init> - Initializing StartPage...
2019-08-22 14:08:25.917 [Test worker] INFO  login - Autorization...
2019-08-22 14:08:26.404 [Test worker] INFO  goToPage - going to page TICKETS
2019-08-22 14:08:27.608 [Test worker] INFO  <init> - Initializing tickets page...
2019-08-22 14:08:28.720 [Test worker] INFO  createTicket - Creating ticket...
2019-08-22 14:08:29.257 [Test worker] INFO  <init> - Initializing ticket creation page...
2019-08-22 14:08:29.260 [Test worker] INFO  setDefaultAttributes - Setting attributes by default...
2019-08-22 14:08:29.261 [Test worker] INFO  nextStep - Going to next page...
2019-08-22 14:08:30.091 [Test worker] INFO  setDefaultAttributes - Setting attributes by default...
2019-08-22 14:08:30.868 [Test worker] INFO  <init> - Initializing options...
2019-08-22 14:08:32.600 [Test worker] INFO  nextStep - Going to next page...
2019-08-22 14:08:33.342 [Test worker] INFO  setDefaultAttributes - Setting attributes by default...
2019-08-22 14:08:35.296 [Test worker] INFO  nextStep - Going to next page...
2019-08-22 14:08:36.274 [Test worker] INFO  setDefaultAttributes - Setting attributes by default...
2019-08-22 14:08:36.275 [Test worker] INFO  nextStep - Going to next page...
2019-08-22 14:08:36.701 [Test worker] INFO  setDefaultAttributes - Setting attributes by default...
2019-08-22 14:47:09.205 [Test worker] INFO  <clinit> - Initializing browser
2019-08-22 14:47:20.522 [Test worker] INFO  <init> - Initializing StartPage...
2019-08-22 14:47:20.554 [Test worker] INFO  login - Autorization...
2019-08-22 14:47:20.918 [Test worker] INFO  goToPage - going to page TICKETS
2019-08-22 14:47:21.960 [Test worker] INFO  <init> - Initializing tickets page...
2019-08-22 14:47:22.746 [Test worker] INFO  createTicket - Creating ticket...
2019-08-22 14:47:23.179 [Test worker] INFO  <init> - Initializing ticket creation page...
2019-08-22 14:47:23.228 [Test worker] INFO  setDefaultAttributes - Setting attributes by default...
2019-08-22 14:47:23.229 [Test worker] INFO  nextStep - Going to next page...
2019-08-22 14:47:24.049 [Test worker] INFO  setDefaultAttributes - Setting attributes by default...
2019-08-22 14:47:25.130 [Test worker] INFO  <init> - Initializing options...
2019-08-22 14:47:26.645 [Test worker] INFO  nextStep - Going to next page...
2019-08-22 14:47:27.337 [Test worker] INFO  setDefaultAttributes - Setting attributes by default...
2019-08-22 14:47:29.222 [Test worker] INFO  nextStep - Going to next page...
2019-08-22 14:47:29.995 [Test worker] INFO  setDefaultAttributes - Setting attributes by default...
2019-08-22 14:47:29.996 [Test worker] INFO  nextStep - Going to next page...
2019-08-22 14:47:30.308 [Test worker] INFO  setDefaultAttributes - Setting attributes by default...
2019-08-22 14:58:20.135 [Test worker] INFO  <clinit> - Initializing browser
2019-08-22 14:58:25.493 [Test worker] INFO  <init> - Initializing StartPage...
2019-08-22 14:58:25.524 [Test worker] INFO  login - Autorization...
2019-08-22 14:58:25.537 [Test worker] INFO  setUsername - Setting username...
2019-08-22 14:58:25.538 [Test worker] INFO  setPassword - Setting password...
2019-08-22 14:58:25.539 [Test worker] INFO  commit - Load main page...
2019-08-22 14:58:25.913 [Test worker] INFO  goToPage - going to page TICKETS
2019-08-22 14:58:26.806 [Test worker] INFO  <init> - Initializing tickets page...
2019-08-22 14:58:27.736 [Test worker] INFO  createTicket - Creating ticket...
2019-08-22 14:58:28.185 [Test worker] INFO  <init> - Initializing ticket creation page...
2019-08-22 14:58:28.215 [Test worker] INFO  setDefaultAttributes - Setting attributes by default...
2019-08-22 14:58:28.215 [Test worker] INFO  nextStep - Going to next page...
2019-08-22 14:58:29.053 [Test worker] INFO  setDefaultAttributes - Setting attributes by default...
2019-08-22 14:58:30.178 [Test worker] INFO  <init> - Initializing options...
2019-08-22 14:58:30.185 [Test worker] INFO  clickClientCheckboxAt - Click on checkbox at index ... 0
2019-08-22 14:58:31.395 [Test worker] INFO  clickOrderCheckboxAt - Click on checkbox at index ... 0
2019-08-22 14:58:31.633 [Test worker] INFO  nextStep - Going to next page...
2019-08-22 14:58:32.343 [Test worker] INFO  setDefaultAttributes - Setting attributes by default...
2019-08-22 14:58:34.239 [Test worker] INFO  nextStep - Going to next page...
2019-08-22 14:58:35.104 [Test worker] INFO  setDefaultAttributes - Setting attributes by default...
2019-08-22 14:58:35.105 [Test worker] INFO  nextStep - Going to next page...
2019-08-22 14:58:35.445 [Test worker] INFO  setDefaultAttributes - Setting attributes by default...
2019-08-22 15:08:16.379 [Test worker] INFO  <clinit> - Initializing browser
2019-08-22 15:08:22.230 [Test worker] INFO  login - Autorization...
2019-08-22 15:08:22.244 [Test worker] INFO  setUsername - Setting username...
2019-08-22 15:08:22.245 [Test worker] INFO  setPassword - Setting password...
2019-08-22 15:08:22.246 [Test worker] INFO  commit - Load main page...
2019-08-22 15:08:22.597 [Test worker] INFO  goToPage - going to page TICKETS
2019-08-22 15:08:24.864 [Test worker] INFO  createTicket - Creating ticket...
2019-08-22 15:08:25.280 [Test worker] INFO  start - Starting registration...
2019-08-22 15:08:25.334 [Test worker] INFO  setDefaultAttributes - Setting attributes by default...
2019-08-22 15:08:25.335 [Test worker] INFO  nextStep - Going to next page...
2019-08-22 15:08:26.125 [Test worker] INFO  setDefaultAttributes - Setting attributes by default...
2019-08-22 15:08:27.117 [Test worker] INFO  find - Searching client...
2019-08-22 15:08:27.285 [Test worker] INFO  clickClientCheckboxAt - Click on checkbox at index ... 0
2019-08-22 15:08:28.884 [Test worker] INFO  clickOrderCheckboxAt - Click on checkbox at index ... 0
2019-08-22 15:08:29.106 [Test worker] INFO  nextStep - Going to next page...
2019-08-22 15:08:29.866 [Test worker] INFO  setDefaultAttributes - Setting attributes by default...
2019-08-22 15:08:31.706 [Test worker] INFO  nextStep - Going to next page...
2019-08-22 15:08:32.500 [Test worker] INFO  setDefaultAttributes - Setting attributes by default...
2019-08-22 15:08:32.501 [Test worker] INFO  nextStep - Going to next page...
2019-08-22 15:08:32.884 [Test worker] INFO  setDefaultAttributes - Setting attributes by default...
2019-08-22 15:08:34.540 [Test worker] INFO  finish - Finishing registration...
