2019-08-20 13:43:25.969 [Test worker] INFO  <clinit> - Initializing browser
2019-08-20 13:43:31.473 [Test worker] INFO  <init> - Initializing StartPage...
2019-08-20 13:43:31.507 [Test worker] INFO  login - Autorization...
2019-08-20 13:43:31.932 [Test worker] INFO  goToPage - going to page TICKETS
2019-08-20 13:43:32.520 [Test worker] INFO  <init> - Initializing tickets page...
2019-08-20 13:43:33.325 [Test worker] INFO  createTicket - Creating ticket...
2019-08-20 13:44:34.003 [Test worker] INFO  <clinit> - Initializing browser
2019-08-20 13:44:38.503 [Test worker] INFO  <init> - Initializing StartPage...
2019-08-20 13:44:38.537 [Test worker] INFO  login - Autorization...
2019-08-20 13:44:38.957 [Test worker] INFO  goToPage - going to page TICKETS
2019-08-20 13:44:39.244 [Test worker] INFO  <init> - Initializing tickets page...
2019-08-20 13:45:01.708 [Test worker] INFO  <clinit> - Initializing browser
2019-08-20 13:45:07.183 [Test worker] INFO  <init> - Initializing StartPage...
2019-08-20 13:45:07.215 [Test worker] INFO  login - Autorization...
2019-08-20 13:45:07.696 [Test worker] INFO  goToPage - going to page TICKETS
2019-08-20 13:45:08.110 [Test worker] INFO  <init> - Initializing tickets page...
2019-08-20 13:46:23.909 [Test worker] INFO  <clinit> - Initializing browser
2019-08-20 13:46:28.590 [Test worker] INFO  <init> - Initializing StartPage...
2019-08-20 13:46:28.625 [Test worker] INFO  login - Autorization...
2019-08-20 13:46:28.956 [Test worker] INFO  goToPage - going to page TICKETS
2019-08-20 13:46:29.373 [Test worker] INFO  <init> - Initializing tickets page...
2019-08-20 13:47:54.478 [Test worker] INFO  <clinit> - Initializing browser
2019-08-20 13:47:59.631 [Test worker] INFO  <init> - Initializing StartPage...
2019-08-20 13:47:59.663 [Test worker] INFO  login - Autorization...
2019-08-20 13:48:00.098 [Test worker] INFO  goToPage - going to page TICKETS
2019-08-20 13:48:00.657 [Test worker] INFO  <init> - Initializing tickets page...
2019-08-20 13:49:13.654 [Test worker] INFO  <clinit> - Initializing browser
2019-08-20 13:49:18.574 [Test worker] INFO  <init> - Initializing StartPage...
2019-08-20 13:49:18.617 [Test worker] INFO  login - Autorization...
2019-08-20 13:49:18.985 [Test worker] INFO  goToPage - going to page TICKETS
2019-08-20 13:49:19.354 [Test worker] INFO  <init> - Initializing tickets page...
2019-08-20 13:49:48.229 [Test worker] INFO  <clinit> - Initializing browser
2019-08-20 13:49:53.641 [Test worker] INFO  <init> - Initializing StartPage...
2019-08-20 13:49:53.682 [Test worker] INFO  login - Autorization...
2019-08-20 13:49:54.039 [Test worker] INFO  goToPage - going to page TICKETS
2019-08-20 13:50:03.047 [Test worker] INFO  <init> - Initializing tickets page...
2019-08-20 13:50:17.982 [Test worker] INFO  createTicket - Creating ticket...
2019-08-20 13:51:49.107 [Test worker] INFO  <clinit> - Initializing browser
2019-08-20 13:51:53.910 [Test worker] INFO  <init> - Initializing StartPage...
2019-08-20 13:51:53.943 [Test worker] INFO  login - Autorization...
2019-08-20 13:51:54.304 [Test worker] INFO  goToPage - going to page TICKETS
2019-08-20 13:51:54.699 [Test worker] INFO  <init> - Initializing tickets page...
2019-08-20 13:54:24.827 [Test worker] INFO  <clinit> - Initializing browser
2019-08-20 13:54:29.516 [Test worker] INFO  <init> - Initializing StartPage...
2019-08-20 13:54:29.550 [Test worker] INFO  login - Autorization...
2019-08-20 13:54:29.883 [Test worker] INFO  goToPage - going to page TICKETS
2019-08-20 13:54:30.259 [Test worker] INFO  <init> - Initializing tickets page...
2019-08-20 13:54:31.491 [Test worker] INFO  createTicket - Creating ticket...
2019-08-20 13:58:40.460 [Test worker] INFO  <clinit> - Initializing browser
2019-08-20 13:58:45.494 [Test worker] INFO  <init> - Initializing StartPage...
2019-08-20 13:58:45.559 [Test worker] INFO  login - Autorization...
2019-08-20 13:58:45.959 [Test worker] INFO  goToPage - going to page TICKETS
2019-08-20 13:58:46.317 [Test worker] INFO  <init> - Initializing tickets page...
2019-08-20 13:58:47.605 [Test worker] INFO  createTicket - Creating ticket...
2019-08-20 14:06:02.362 [Test worker] INFO  <clinit> - Initializing browser
2019-08-20 14:06:07.627 [Test worker] INFO  <init> - Initializing StartPage...
2019-08-20 14:06:07.663 [Test worker] INFO  login - Autorization...
2019-08-20 14:06:08.098 [Test worker] INFO  goToPage - going to page TICKETS
2019-08-20 14:06:08.551 [Test worker] INFO  <init> - Initializing tickets page...
2019-08-20 14:06:09.894 [Test worker] INFO  createTicket - Creating ticket...
2019-08-20 14:13:42.081 [Test worker] INFO  <clinit> - Initializing browser
2019-08-20 14:13:46.882 [Test worker] INFO  <init> - Initializing StartPage...
2019-08-20 14:13:46.920 [Test worker] INFO  login - Autorization...
2019-08-20 14:13:47.248 [Test worker] INFO  goToPage - going to page TICKETS
2019-08-20 14:13:47.565 [Test worker] INFO  <init> - Initializing tickets page...
2019-08-20 14:13:48.827 [Test worker] INFO  createTicket - Creating ticket...
2019-08-20 14:41:46.894 [Test worker] INFO  <clinit> - Initializing browser
2019-08-20 14:41:56.741 [Test worker] INFO  <init> - Initializing StartPage...
2019-08-20 14:41:56.773 [Test worker] INFO  login - Autorization...
2019-08-20 14:41:57.141 [Test worker] INFO  goToPage - going to page TICKETS
2019-08-20 14:41:57.420 [Test worker] INFO  <init> - Initializing tickets page...
2019-08-20 14:42:12.440 [Test worker] INFO  <clinit> - Initializing browser
2019-08-20 14:42:17.034 [Test worker] INFO  <init> - Initializing StartPage...
2019-08-20 14:42:17.068 [Test worker] INFO  login - Autorization...
2019-08-20 14:42:17.407 [Test worker] INFO  goToPage - going to page TICKETS
2019-08-20 14:42:17.816 [Test worker] INFO  <init> - Initializing tickets page...
2019-08-20 14:42:18.608 [Test worker] INFO  createTicket - Creating ticket...
2019-08-20 14:45:03.172 [Test worker] INFO  <clinit> - Initializing browser
2019-08-20 14:45:08.849 [Test worker] INFO  <init> - Initializing StartPage...
2019-08-20 14:45:08.879 [Test worker] INFO  login - Autorization...
2019-08-20 14:45:09.256 [Test worker] INFO  goToPage - going to page TICKETS
2019-08-20 14:45:09.695 [Test worker] INFO  <init> - Initializing tickets page...
2019-08-20 14:45:10.987 [Test worker] INFO  createTicket - Creating ticket...
2019-08-20 14:45:44.370 [Test worker] INFO  <clinit> - Initializing browser
2019-08-20 14:45:50.045 [Test worker] INFO  <init> - Initializing StartPage...
2019-08-20 14:45:50.075 [Test worker] INFO  login - Autorization...
2019-08-20 14:45:50.428 [Test worker] INFO  goToPage - going to page TICKETS
2019-08-20 14:45:50.777 [Test worker] INFO  <init> - Initializing tickets page...
2019-08-20 14:45:52.060 [Test worker] INFO  createTicket - Creating ticket...
2019-08-20 14:46:29.705 [Test worker] INFO  <clinit> - Initializing browser
2019-08-20 14:46:54.524 [Test worker] INFO  <init> - Initializing StartPage...
2019-08-20 14:46:54.553 [Test worker] INFO  login - Autorization...
2019-08-20 14:47:25.688 [Test worker] INFO  <clinit> - Initializing browser
2019-08-20 14:47:30.751 [Test worker] INFO  <init> - Initializing StartPage...
2019-08-20 14:47:30.778 [Test worker] INFO  login - Autorization...
2019-08-20 14:47:31.134 [Test worker] INFO  goToPage - going to page TICKETS
2019-08-20 14:47:31.645 [Test worker] INFO  <init> - Initializing tickets page...
2019-08-20 14:47:32.447 [Test worker] INFO  createTicket - Creating ticket...
2019-08-20 14:49:34.314 [Test worker] INFO  <clinit> - Initializing browser
2019-08-20 14:49:38.739 [Test worker] INFO  <init> - Initializing StartPage...
2019-08-20 14:49:38.773 [Test worker] INFO  login - Autorization...
2019-08-20 14:49:39.200 [Test worker] INFO  goToPage - going to page TICKETS
2019-08-20 14:49:40.166 [Test worker] INFO  <init> - Initializing tickets page...
2019-08-20 14:49:41.053 [Test worker] INFO  createTicket - Creating ticket...
2019-08-20 14:49:41.451 [Test worker] INFO  <init> - Initializing ticket creation page...
2019-08-20 14:49:41.455 [Test worker] INFO  setDefaultAttributes - Setting attributes by default...
2019-08-20 14:49:41.455 [Test worker] INFO  nextStep - Going to next page...
2019-08-20 14:49:41.605 [Test worker] INFO  setDefaultAttributes - Setting attributes by default...
2019-08-20 14:49:59.950 [Test worker] INFO  <clinit> - Initializing browser
2019-08-20 14:50:04.514 [Test worker] INFO  <init> - Initializing StartPage...
2019-08-20 14:50:04.552 [Test worker] INFO  login - Autorization...
2019-08-20 14:50:04.914 [Test worker] INFO  goToPage - going to page TICKETS
2019-08-20 14:50:05.852 [Test worker] INFO  <init> - Initializing tickets page...
2019-08-20 14:50:06.617 [Test worker] INFO  createTicket - Creating ticket...
2019-08-20 14:50:06.966 [Test worker] INFO  <init> - Initializing ticket creation page...
2019-08-20 14:50:06.970 [Test worker] INFO  setDefaultAttributes - Setting attributes by default...
2019-08-20 14:50:06.971 [Test worker] INFO  nextStep - Going to next page...
2019-08-20 14:50:07.107 [Test worker] INFO  setDefaultAttributes - Setting attributes by default...
2019-08-20 15:01:06.443 [Test worker] INFO  <clinit> - Initializing browser
2019-08-20 15:01:11.764 [Test worker] INFO  <init> - Initializing StartPage...
2019-08-20 15:01:11.796 [Test worker] INFO  login - Autorization...
2019-08-20 15:01:12.191 [Test worker] INFO  goToPage - going to page TICKETS
2019-08-20 15:01:13.107 [Test worker] INFO  <init> - Initializing tickets page...
2019-08-20 15:01:14.089 [Test worker] INFO  createTicket - Creating ticket...
2019-08-20 15:01:14.439 [Test worker] INFO  <init> - Initializing ticket creation page...
2019-08-20 15:01:14.444 [Test worker] INFO  setDefaultAttributes - Setting attributes by default...
2019-08-20 15:01:34.469 [Test worker] INFO  <clinit> - Initializing browser
2019-08-20 15:01:39.146 [Test worker] INFO  <init> - Initializing StartPage...
2019-08-20 15:01:39.179 [Test worker] INFO  login - Autorization...
2019-08-20 15:01:39.595 [Test worker] INFO  goToPage - going to page TICKETS
2019-08-20 15:01:40.452 [Test worker] INFO  <init> - Initializing tickets page...
2019-08-20 15:01:41.369 [Test worker] INFO  createTicket - Creating ticket...
2019-08-20 15:01:41.678 [Test worker] INFO  <init> - Initializing ticket creation page...
2019-08-20 15:01:41.682 [Test worker] INFO  setDefaultAttributes - Setting attributes by default...
2019-08-20 15:02:09.183 [Test worker] INFO  <clinit> - Initializing browser
2019-08-20 15:02:14.310 [Test worker] INFO  <init> - Initializing StartPage...
2019-08-20 15:02:14.340 [Test worker] INFO  login - Autorization...
2019-08-20 15:02:14.694 [Test worker] INFO  goToPage - going to page TICKETS
2019-08-20 15:02:15.481 [Test worker] INFO  <init> - Initializing tickets page...
2019-08-20 15:02:16.442 [Test worker] INFO  createTicket - Creating ticket...
2019-08-20 15:02:16.771 [Test worker] INFO  <init> - Initializing ticket creation page...
2019-08-20 15:02:16.775 [Test worker] INFO  setDefaultAttributes - Setting attributes by default...
2019-08-20 15:11:38.421 [Test worker] INFO  <clinit> - Initializing browser
2019-08-20 15:11:43.086 [Test worker] INFO  <init> - Initializing StartPage...
2019-08-20 15:11:43.116 [Test worker] INFO  login - Autorization...
2019-08-20 15:11:43.461 [Test worker] INFO  goToPage - going to page TICKETS
2019-08-20 15:11:44.289 [Test worker] INFO  <init> - Initializing tickets page...
2019-08-20 15:11:45.517 [Test worker] INFO  createTicket - Creating ticket...
2019-08-20 15:11:45.817 [Test worker] INFO  <init> - Initializing ticket creation page...
2019-08-20 15:11:45.822 [Test worker] INFO  setDefaultAttributes - Setting attributes by default...
2019-08-20 15:11:45.823 [Test worker] INFO  nextStep - Going to next page...
2019-08-20 15:11:46.495 [Test worker] INFO  setDefaultAttributes - Setting attributes by default...
2019-08-20 15:11:47.498 [Test worker] INFO  <init> - Initializing options...
2019-08-20 15:11:48.556 [Test worker] INFO  nextStep - Going to next page...
2019-08-20 15:11:49.094 [Test worker] INFO  setDefaultAttributes - Setting attributes by default...
2019-08-20 15:31:22.368 [Test worker] INFO  <clinit> - Initializing browser
2019-08-20 15:31:27.347 [Test worker] INFO  <init> - Initializing StartPage...
2019-08-20 15:31:27.379 [Test worker] INFO  login - Autorization...
2019-08-20 15:31:27.887 [Test worker] INFO  goToPage - going to page TICKETS
2019-08-20 15:31:29.135 [Test worker] INFO  <init> - Initializing tickets page...
2019-08-20 15:31:30.169 [Test worker] INFO  createTicket - Creating ticket...
2019-08-20 15:31:30.572 [Test worker] INFO  <init> - Initializing ticket creation page...
2019-08-20 15:31:30.576 [Test worker] INFO  setDefaultAttributes - Setting attributes by default...
2019-08-20 15:31:30.576 [Test worker] INFO  nextStep - Going to next page...
2019-08-20 15:31:31.293 [Test worker] INFO  setDefaultAttributes - Setting attributes by default...
2019-08-20 15:31:32.377 [Test worker] INFO  <init> - Initializing options...
2019-08-20 15:31:33.847 [Test worker] INFO  nextStep - Going to next page...
2019-08-20 15:31:34.401 [Test worker] INFO  setDefaultAttributes - Setting attributes by default...
2019-08-20 15:33:38.501 [Test worker] INFO  <clinit> - Initializing browser
2019-08-20 15:33:43.421 [Test worker] INFO  <init> - Initializing StartPage...
2019-08-20 15:33:43.454 [Test worker] INFO  login - Autorization...
2019-08-20 15:33:43.894 [Test worker] INFO  goToPage - going to page TICKETS
2019-08-20 15:33:44.854 [Test worker] INFO  <init> - Initializing tickets page...
2019-08-20 15:33:45.791 [Test worker] INFO  createTicket - Creating ticket...
2019-08-20 15:33:46.204 [Test worker] INFO  <init> - Initializing ticket creation page...
2019-08-20 15:33:46.208 [Test worker] INFO  setDefaultAttributes - Setting attributes by default...
2019-08-20 15:33:46.209 [Test worker] INFO  nextStep - Going to next page...
2019-08-20 15:33:46.896 [Test worker] INFO  setDefaultAttributes - Setting attributes by default...
2019-08-20 15:33:47.841 [Test worker] INFO  <init> - Initializing options...
2019-08-20 15:33:48.683 [Test worker] INFO  nextStep - Going to next page...
2019-08-20 15:33:49.137 [Test worker] INFO  setDefaultAttributes - Setting attributes by default...
2019-08-20 15:33:50.817 [Test worker] INFO  nextStep - Going to next page...
2019-08-20 15:34:09.771 [Test worker] INFO  <clinit> - Initializing browser
2019-08-20 15:34:14.496 [Test worker] INFO  <init> - Initializing StartPage...
2019-08-20 15:34:14.527 [Test worker] INFO  login - Autorization...
2019-08-20 15:34:14.869 [Test worker] INFO  goToPage - going to page TICKETS
2019-08-20 15:34:15.749 [Test worker] INFO  <init> - Initializing tickets page...
2019-08-20 15:34:16.484 [Test worker] INFO  createTicket - Creating ticket...
2019-08-20 15:34:16.820 [Test worker] INFO  <init> - Initializing ticket creation page...
2019-08-20 15:34:16.825 [Test worker] INFO  setDefaultAttributes - Setting attributes by default...
2019-08-20 15:34:16.826 [Test worker] INFO  nextStep - Going to next page...
2019-08-20 15:34:17.508 [Test worker] INFO  setDefaultAttributes - Setting attributes by default...
2019-08-20 15:34:18.454 [Test worker] INFO  <init> - Initializing options...
2019-08-20 15:34:19.506 [Test worker] INFO  nextStep - Going to next page...
2019-08-20 15:34:29.115 [Test worker] INFO  setDefaultAttributes - Setting attributes by default...
2019-08-20 15:34:30.996 [Test worker] INFO  nextStep - Going to next page...
2019-08-20 15:34:48.957 [Test worker] INFO  <clinit> - Initializing browser
2019-08-20 15:34:53.980 [Test worker] INFO  <init> - Initializing StartPage...
2019-08-20 15:34:54.009 [Test worker] INFO  login - Autorization...
2019-08-20 15:34:54.355 [Test worker] INFO  goToPage - going to page TICKETS
2019-08-20 15:34:55.238 [Test worker] INFO  <init> - Initializing tickets page...
2019-08-20 15:34:56.147 [Test worker] INFO  createTicket - Creating ticket...
2019-08-20 15:34:56.448 [Test worker] INFO  <init> - Initializing ticket creation page...
2019-08-20 15:34:56.452 [Test worker] INFO  setDefaultAttributes - Setting attributes by default...
2019-08-20 15:34:56.453 [Test worker] INFO  nextStep - Going to next page...
2019-08-20 15:34:57.115 [Test worker] INFO  setDefaultAttributes - Setting attributes by default...
2019-08-20 15:34:58.110 [Test worker] INFO  <init> - Initializing options...
2019-08-20 15:34:59.178 [Test worker] INFO  nextStep - Going to next page...
2019-08-20 15:38:50.970 [Test worker] INFO  <clinit> - Initializing browser
2019-08-20 15:38:55.892 [Test worker] INFO  <init> - Initializing StartPage...
2019-08-20 15:38:55.926 [Test worker] INFO  login - Autorization...
2019-08-20 15:38:56.337 [Test worker] INFO  goToPage - going to page TICKETS
2019-08-20 15:38:57.372 [Test worker] INFO  <init> - Initializing tickets page...
2019-08-20 15:38:58.183 [Test worker] INFO  createTicket - Creating ticket...
2019-08-20 15:38:58.586 [Test worker] INFO  <init> - Initializing ticket creation page...
2019-08-20 15:38:58.590 [Test worker] INFO  setDefaultAttributes - Setting attributes by default...
2019-08-20 15:38:58.590 [Test worker] INFO  nextStep - Going to next page...
2019-08-20 15:38:59.280 [Test worker] INFO  setDefaultAttributes - Setting attributes by default...
2019-08-20 15:39:00.312 [Test worker] INFO  <init> - Initializing options...
2019-08-20 15:39:01.245 [Test worker] INFO  nextStep - Going to next page...
2019-08-20 15:45:34.639 [Test worker] INFO  <clinit> - Initializing browser
2019-08-20 15:45:43.598 [Test worker] INFO  <init> - Initializing StartPage...
2019-08-20 15:45:43.627 [Test worker] INFO  login - Autorization...
2019-08-20 15:45:43.923 [Test worker] INFO  goToPage - going to page TICKETS
2019-08-20 15:45:44.711 [Test worker] INFO  <init> - Initializing tickets page...
2019-08-20 15:45:45.373 [Test worker] INFO  createTicket - Creating ticket...
2019-08-20 15:45:45.707 [Test worker] INFO  <init> - Initializing ticket creation page...
2019-08-20 15:45:45.711 [Test worker] INFO  setDefaultAttributes - Setting attributes by default...
2019-08-20 15:45:45.712 [Test worker] INFO  nextStep - Going to next page...
2019-08-20 15:50:18.788 [Test worker] INFO  <clinit> - Initializing browser
2019-08-20 15:50:23.795 [Test worker] INFO  <init> - Initializing StartPage...
2019-08-20 15:50:23.827 [Test worker] INFO  login - Autorization...
2019-08-20 15:50:24.317 [Test worker] INFO  goToPage - going to page TICKETS
2019-08-20 15:50:25.421 [Test worker] INFO  <init> - Initializing tickets page...
2019-08-20 15:50:26.372 [Test worker] INFO  createTicket - Creating ticket...
2019-08-20 15:50:26.850 [Test worker] INFO  <init> - Initializing ticket creation page...
2019-08-20 15:50:26.855 [Test worker] INFO  setDefaultAttributes - Setting attributes by default...
2019-08-20 15:50:26.856 [Test worker] INFO  nextStep - Going to next page...
2019-08-20 15:50:27.562 [Test worker] INFO  setDefaultAttributes - Setting attributes by default...
2019-08-20 15:50:28.589 [Test worker] INFO  <init> - Initializing options...
2019-08-20 15:50:29.709 [Test worker] INFO  nextStep - Going to next page...
2019-08-20 15:52:22.274 [Test worker] INFO  <clinit> - Initializing browser
2019-08-20 15:52:26.815 [Test worker] INFO  <init> - Initializing StartPage...
2019-08-20 15:52:26.846 [Test worker] INFO  login - Autorization...
2019-08-20 15:52:27.195 [Test worker] INFO  goToPage - going to page TICKETS
2019-08-20 15:52:28.078 [Test worker] INFO  <init> - Initializing tickets page...
2019-08-20 15:52:28.758 [Test worker] INFO  createTicket - Creating ticket...
2019-08-20 15:52:29.218 [Test worker] INFO  <init> - Initializing ticket creation page...
2019-08-20 15:52:29.223 [Test worker] INFO  setDefaultAttributes - Setting attributes by default...
2019-08-20 15:52:29.223 [Test worker] INFO  nextStep - Going to next page...
2019-08-20 15:52:29.957 [Test worker] INFO  setDefaultAttributes - Setting attributes by default...
2019-08-20 15:52:31.017 [Test worker] INFO  <init> - Initializing options...
2019-08-20 15:52:32.232 [Test worker] INFO  nextStep - Going to next page...
2019-08-20 15:52:32.769 [Test worker] INFO  setDefaultAttributes - Setting attributes by default...
2019-08-20 15:52:34.494 [Test worker] INFO  nextStep - Going to next page...
2019-08-20 15:53:44.892 [Test worker] INFO  <clinit> - Initializing browser
2019-08-20 15:53:49.696 [Test worker] INFO  <init> - Initializing StartPage...
2019-08-20 15:53:49.722 [Test worker] INFO  login - Autorization...
2019-08-20 15:53:50.129 [Test worker] INFO  goToPage - going to page TICKETS
2019-08-20 15:53:51.046 [Test worker] INFO  <init> - Initializing tickets page...
2019-08-20 15:53:51.841 [Test worker] INFO  createTicket - Creating ticket...
2019-08-20 15:53:52.200 [Test worker] INFO  <init> - Initializing ticket creation page...
2019-08-20 15:53:52.204 [Test worker] INFO  setDefaultAttributes - Setting attributes by default...
2019-08-20 15:53:52.205 [Test worker] INFO  nextStep - Going to next page...
2019-08-20 15:53:52.905 [Test worker] INFO  setDefaultAttributes - Setting attributes by default...
2019-08-20 15:53:53.860 [Test worker] INFO  <init> - Initializing options...
2019-08-20 15:53:54.751 [Test worker] INFO  nextStep - Going to next page...
2019-08-20 17:08:02.626 [Test worker] INFO  <clinit> - Initializing browser
2019-08-20 17:08:11.944 [Test worker] INFO  <init> - Initializing StartPage...
2019-08-20 17:08:11.972 [Test worker] INFO  login - Autorization...
2019-08-20 17:08:12.315 [Test worker] INFO  goToPage - going to page TICKETS
2019-08-20 17:08:13.236 [Test worker] INFO  <init> - Initializing tickets page...
2019-08-20 17:08:14.136 [Test worker] INFO  createTicket - Creating ticket...
2019-08-20 17:08:14.503 [Test worker] INFO  <init> - Initializing ticket creation page...
2019-08-20 17:08:14.507 [Test worker] INFO  setDefaultAttributes - Setting attributes by default...
2019-08-20 17:08:14.508 [Test worker] INFO  nextStep - Going to next page...
2019-08-20 17:08:15.226 [Test worker] INFO  setDefaultAttributes - Setting attributes by default...
2019-08-20 17:08:16.197 [Test worker] INFO  <init> - Initializing options...
2019-08-20 17:08:17.060 [Test worker] INFO  nextStep - Going to next page...
2019-08-20 17:08:17.499 [Test worker] INFO  setDefaultAttributes - Setting attributes by default...
2019-08-20 17:08:19.140 [Test worker] INFO  nextStep - Going to next page...
2019-08-20 17:10:08.714 [Test worker] INFO  <clinit> - Initializing browser
2019-08-20 17:10:13.363 [Test worker] INFO  <init> - Initializing StartPage...
2019-08-20 17:10:13.393 [Test worker] INFO  login - Autorization...
2019-08-20 17:10:13.731 [Test worker] INFO  goToPage - going to page TICKETS
2019-08-20 17:10:14.549 [Test worker] INFO  <init> - Initializing tickets page...
2019-08-20 17:10:15.347 [Test worker] INFO  createTicket - Creating ticket...
2019-08-20 17:10:15.698 [Test worker] INFO  <init> - Initializing ticket creation page...
2019-08-20 17:10:15.702 [Test worker] INFO  setDefaultAttributes - Setting attributes by default...
2019-08-20 17:10:15.703 [Test worker] INFO  nextStep - Going to next page...
2019-08-20 17:10:16.389 [Test worker] INFO  setDefaultAttributes - Setting attributes by default...
2019-08-20 17:10:17.410 [Test worker] INFO  <init> - Initializing options...
2019-08-20 17:10:18.272 [Test worker] INFO  nextStep - Going to next page...
2019-08-20 17:16:35.163 [Test worker] INFO  <clinit> - Initializing browser
2019-08-20 17:16:40.471 [Test worker] INFO  <init> - Initializing StartPage...
2019-08-20 17:16:40.504 [Test worker] INFO  login - Autorization...
2019-08-20 17:16:40.904 [Test worker] INFO  goToPage - going to page TICKETS
2019-08-20 17:16:42.085 [Test worker] INFO  <init> - Initializing tickets page...
2019-08-20 17:16:43.017 [Test worker] INFO  createTicket - Creating ticket...
2019-08-20 17:16:43.421 [Test worker] INFO  <init> - Initializing ticket creation page...
2019-08-20 17:16:43.425 [Test worker] INFO  setDefaultAttributes - Setting attributes by default...
2019-08-20 17:16:43.426 [Test worker] INFO  nextStep - Going to next page...
2019-08-20 17:16:44.119 [Test worker] INFO  setDefaultAttributes - Setting attributes by default...
2019-08-20 17:16:45.203 [Test worker] INFO  <init> - Initializing options...
2019-08-20 17:16:46.399 [Test worker] INFO  nextStep - Going to next page...
2019-08-20 17:16:46.941 [Test worker] INFO  setDefaultAttributes - Setting attributes by default...
2019-08-20 17:16:50.063 [Test worker] INFO  nextStep - Going to next page...
2019-08-20 17:17:06.664 [Test worker] INFO  <clinit> - Initializing browser
2019-08-20 17:17:11.405 [Test worker] INFO  <init> - Initializing StartPage...
2019-08-20 17:17:11.435 [Test worker] INFO  login - Autorization...
2019-08-20 17:17:11.778 [Test worker] INFO  goToPage - going to page TICKETS
2019-08-20 17:17:12.672 [Test worker] INFO  <init> - Initializing tickets page...
2019-08-20 17:17:13.496 [Test worker] INFO  createTicket - Creating ticket...
2019-08-20 17:17:13.844 [Test worker] INFO  <init> - Initializing ticket creation page...
2019-08-20 17:17:13.849 [Test worker] INFO  setDefaultAttributes - Setting attributes by default...
2019-08-20 17:17:13.850 [Test worker] INFO  nextStep - Going to next page...
2019-08-20 17:17:14.532 [Test worker] INFO  setDefaultAttributes - Setting attributes by default...
2019-08-20 17:17:15.574 [Test worker] INFO  <init> - Initializing options...
2019-08-20 17:17:16.821 [Test worker] INFO  nextStep - Going to next page...
2019-08-20 17:46:01.879 [Test worker] INFO  <clinit> - Initializing browser
2019-08-20 17:46:06.763 [Test worker] INFO  <init> - Initializing StartPage...
2019-08-20 17:46:06.796 [Test worker] INFO  login - Autorization...
2019-08-20 17:46:07.283 [Test worker] INFO  goToPage - going to page TICKETS
2019-08-20 17:46:08.405 [Test worker] INFO  <init> - Initializing tickets page...
2019-08-20 17:46:09.315 [Test worker] INFO  createTicket - Creating ticket...
2019-08-20 17:46:09.686 [Test worker] INFO  <init> - Initializing ticket creation page...
2019-08-20 17:46:09.690 [Test worker] INFO  setDefaultAttributes - Setting attributes by default...
2019-08-20 17:46:09.691 [Test worker] INFO  nextStep - Going to next page...
2019-08-20 17:46:10.581 [Test worker] INFO  setDefaultAttributes - Setting attributes by default...
2019-08-20 17:46:11.240 [Test worker] INFO  <init> - Initializing options...
2019-08-20 17:46:12.675 [Test worker] INFO  nextStep - Going to next page...
2019-08-20 17:47:10.929 [Test worker] INFO  <clinit> - Initializing browser
2019-08-20 17:47:15.773 [Test worker] INFO  <init> - Initializing StartPage...
2019-08-20 17:47:15.800 [Test worker] INFO  login - Autorization...
2019-08-20 17:47:16.315 [Test worker] INFO  goToPage - going to page TICKETS
2019-08-20 17:47:17.400 [Test worker] INFO  <init> - Initializing tickets page...
2019-08-20 17:47:18.385 [Test worker] INFO  createTicket - Creating ticket...
2019-08-20 17:47:18.816 [Test worker] INFO  <init> - Initializing ticket creation page...
2019-08-20 17:47:18.819 [Test worker] INFO  setDefaultAttributes - Setting attributes by default...
2019-08-20 17:47:18.820 [Test worker] INFO  nextStep - Going to next page...
2019-08-20 17:47:19.700 [Test worker] INFO  setDefaultAttributes - Setting attributes by default...
2019-08-20 17:47:20.714 [Test worker] INFO  <init> - Initializing options...
2019-08-20 17:47:21.713 [Test worker] INFO  nextStep - Going to next page...
2019-08-20 17:58:46.487 [Test worker] INFO  <clinit> - Initializing browser
2019-08-20 17:58:51.334 [Test worker] INFO  <init> - Initializing StartPage...
2019-08-20 17:58:51.362 [Test worker] INFO  login - Autorization...
2019-08-20 17:58:51.797 [Test worker] INFO  goToPage - going to page TICKETS
2019-08-20 17:58:52.717 [Test worker] INFO  <init> - Initializing tickets page...
2019-08-20 17:58:53.719 [Test worker] INFO  createTicket - Creating ticket...
2019-08-20 17:58:54.167 [Test worker] INFO  <init> - Initializing ticket creation page...
2019-08-20 17:58:54.170 [Test worker] INFO  setDefaultAttributes - Setting attributes by default...
2019-08-20 17:58:54.171 [Test worker] INFO  nextStep - Going to next page...
2019-08-20 17:58:55.055 [Test worker] INFO  setDefaultAttributes - Setting attributes by default...
2019-08-20 17:58:56.079 [Test worker] INFO  <init> - Initializing options...
2019-08-20 17:58:57.049 [Test worker] INFO  nextStep - Going to next page...
2019-08-20 18:01:19.602 [Test worker] INFO  <clinit> - Initializing browser
2019-08-20 18:01:24.564 [Test worker] INFO  <init> - Initializing StartPage...
2019-08-20 18:01:24.591 [Test worker] INFO  login - Autorization...
2019-08-20 18:01:25.024 [Test worker] INFO  goToPage - going to page TICKETS
2019-08-20 18:01:26.030 [Test worker] INFO  <init> - Initializing tickets page...
2019-08-20 18:01:26.852 [Test worker] INFO  createTicket - Creating ticket...
2019-08-20 18:01:27.304 [Test worker] INFO  <init> - Initializing ticket creation page...
2019-08-20 18:01:27.307 [Test worker] INFO  setDefaultAttributes - Setting attributes by default...
2019-08-20 18:01:27.308 [Test worker] INFO  nextStep - Going to next page...
2019-08-20 18:01:28.131 [Test worker] INFO  setDefaultAttributes - Setting attributes by default...
2019-08-20 18:01:29.213 [Test worker] INFO  <init> - Initializing options...
2019-08-20 18:01:30.234 [Test worker] INFO  nextStep - Going to next page...
2019-08-20 18:01:30.770 [Test worker] INFO  setDefaultAttributes - Setting attributes by default...
2019-08-20 18:01:32.485 [Test worker] INFO  nextStep - Going to next page...
2019-08-20 18:05:41.721 [Test worker] INFO  <clinit> - Initializing browser
2019-08-20 18:05:47.005 [Test worker] INFO  <init> - Initializing StartPage...
2019-08-20 18:05:47.037 [Test worker] INFO  login - Autorization...
2019-08-20 18:05:47.660 [Test worker] INFO  goToPage - going to page TICKETS
2019-08-20 18:05:48.817 [Test worker] INFO  <init> - Initializing tickets page...
2019-08-20 18:05:49.745 [Test worker] INFO  createTicket - Creating ticket...
2019-08-20 18:05:50.236 [Test worker] INFO  <init> - Initializing ticket creation page...
2019-08-20 18:05:50.240 [Test worker] INFO  setDefaultAttributes - Setting attributes by default...
2019-08-20 18:05:50.241 [Test worker] INFO  nextStep - Going to next page...
2019-08-20 18:05:51.066 [Test worker] INFO  setDefaultAttributes - Setting attributes by default...
2019-08-20 18:05:52.195 [Test worker] INFO  <init> - Initializing options...
2019-08-20 18:05:53.371 [Test worker] INFO  nextStep - Going to next page...
2019-08-20 18:05:54.032 [Test worker] INFO  setDefaultAttributes - Setting attributes by default...
2019-08-20 18:05:55.824 [Test worker] INFO  nextStep - Going to next page...
2019-08-20 18:05:56.587 [Test worker] INFO  setDefaultAttributes - Setting attributes by default...
2019-08-20 18:05:56.588 [Test worker] INFO  nextStep - Going to next page...
2019-08-20 18:08:16.977 [Test worker] INFO  <clinit> - Initializing browser
2019-08-20 18:08:26.214 [Test worker] INFO  <init> - Initializing StartPage...
2019-08-20 18:08:26.242 [Test worker] INFO  login - Autorization...
2019-08-20 18:08:26.595 [Test worker] INFO  goToPage - going to page TICKETS
2019-08-20 18:08:27.350 [Test worker] INFO  <init> - Initializing tickets page...
2019-08-20 18:08:28.165 [Test worker] INFO  createTicket - Creating ticket...
2019-08-20 18:08:28.436 [Test worker] INFO  <init> - Initializing ticket creation page...
2019-08-20 18:08:28.441 [Test worker] INFO  setDefaultAttributes - Setting attributes by default...
2019-08-20 18:08:28.442 [Test worker] INFO  nextStep - Going to next page...
2019-08-20 18:08:29.217 [Test worker] INFO  setDefaultAttributes - Setting attributes by default...
2019-08-20 18:08:30.170 [Test worker] INFO  <init> - Initializing options...
2019-08-20 18:08:31.067 [Test worker] INFO  nextStep - Going to next page...
2019-08-20 18:08:31.614 [Test worker] INFO  setDefaultAttributes - Setting attributes by default...
2019-08-20 18:08:33.280 [Test worker] INFO  nextStep - Going to next page...
2019-08-20 18:08:34.050 [Test worker] INFO  setDefaultAttributes - Setting attributes by default...
2019-08-20 18:08:34.050 [Test worker] INFO  nextStep - Going to next page...
2019-08-20 18:21:01.303 [Test worker] INFO  <clinit> - Initializing browser
2019-08-20 18:21:05.823 [Test worker] INFO  <init> - Initializing StartPage...
2019-08-20 18:21:05.852 [Test worker] INFO  login - Autorization...
2019-08-20 18:21:06.208 [Test worker] INFO  goToPage - going to page TICKETS
2019-08-20 18:21:07.088 [Test worker] INFO  <init> - Initializing tickets page...
2019-08-20 18:21:07.948 [Test worker] INFO  createTicket - Creating ticket...
2019-08-20 18:21:08.264 [Test worker] INFO  <init> - Initializing ticket creation page...
2019-08-20 18:21:08.268 [Test worker] INFO  setDefaultAttributes - Setting attributes by default...
2019-08-20 18:21:08.268 [Test worker] INFO  nextStep - Going to next page...
2019-08-20 18:21:09.058 [Test worker] INFO  setDefaultAttributes - Setting attributes by default...
2019-08-20 18:21:10.072 [Test worker] INFO  <init> - Initializing options...
2019-08-20 18:21:11.309 [Test worker] INFO  nextStep - Going to next page...
2019-08-20 18:21:11.925 [Test worker] INFO  setDefaultAttributes - Setting attributes by default...
2019-08-20 18:21:13.598 [Test worker] INFO  nextStep - Going to next page...
2019-08-20 18:21:14.339 [Test worker] INFO  setDefaultAttributes - Setting attributes by default...
2019-08-20 18:21:14.339 [Test worker] INFO  nextStep - Going to next page...
2019-08-20 18:27:36.619 [Test worker] INFO  <clinit> - Initializing browser
2019-08-20 18:27:41.816 [Test worker] INFO  <init> - Initializing StartPage...
2019-08-20 18:27:41.847 [Test worker] INFO  login - Autorization...
2019-08-20 18:27:42.272 [Test worker] INFO  goToPage - going to page TICKETS
2019-08-20 18:27:43.143 [Test worker] INFO  <init> - Initializing tickets page...
2019-08-20 18:27:44.047 [Test worker] INFO  createTicket - Creating ticket...
2019-08-20 18:27:44.375 [Test worker] INFO  <init> - Initializing ticket creation page...
2019-08-20 18:27:44.379 [Test worker] INFO  setDefaultAttributes - Setting attributes by default...
2019-08-20 18:27:44.380 [Test worker] INFO  nextStep - Going to next page...
2019-08-20 18:27:45.290 [Test worker] INFO  <init> - Initializing options...
2019-08-20 18:31:50.451 [Test worker] INFO  <clinit> - Initializing browser
2019-08-20 18:31:54.866 [Test worker] INFO  <init> - Initializing StartPage...
2019-08-20 18:31:54.901 [Test worker] INFO  login - Autorization...
2019-08-20 18:31:55.242 [Test worker] INFO  goToPage - going to page TICKETS
2019-08-20 18:31:56.131 [Test worker] INFO  <init> - Initializing tickets page...
2019-08-20 18:31:56.782 [Test worker] INFO  createTicket - Creating ticket...
2019-08-20 18:31:57.189 [Test worker] INFO  <init> - Initializing ticket creation page...
2019-08-20 18:31:57.194 [Test worker] INFO  setDefaultAttributes - Setting attributes by default...
2019-08-20 18:31:57.195 [Test worker] INFO  nextStep - Going to next page...
2019-08-20 18:31:58.986 [Test worker] INFO  <init> - Initializing options...
2019-08-20 18:33:16.874 [Test worker] INFO  <clinit> - Initializing browser
2019-08-20 18:33:21.567 [Test worker] INFO  <init> - Initializing StartPage...
2019-08-20 18:33:21.598 [Test worker] INFO  login - Autorization...
2019-08-20 18:33:21.926 [Test worker] INFO  goToPage - going to page TICKETS
2019-08-20 18:33:22.807 [Test worker] INFO  <init> - Initializing tickets page...
2019-08-20 18:33:23.442 [Test worker] INFO  createTicket - Creating ticket...
2019-08-20 18:33:23.772 [Test worker] INFO  <init> - Initializing ticket creation page...
2019-08-20 18:33:23.776 [Test worker] INFO  setDefaultAttributes - Setting attributes by default...
2019-08-20 18:33:23.776 [Test worker] INFO  nextStep - Going to next page...
2019-08-20 18:33:25.563 [Test worker] INFO  <init> - Initializing options...
2019-08-20 19:00:20.335 [Test worker] INFO  <clinit> - Initializing browser
2019-08-20 19:00:25.302 [Test worker] INFO  <init> - Initializing StartPage...
2019-08-20 19:00:25.332 [Test worker] INFO  login - Autorization...
2019-08-20 19:00:25.799 [Test worker] INFO  goToPage - going to page TICKETS
2019-08-20 19:00:26.893 [Test worker] INFO  <init> - Initializing tickets page...
2019-08-20 19:00:27.797 [Test worker] INFO  createTicket - Creating ticket...
2019-08-20 19:00:28.219 [Test worker] INFO  <init> - Initializing ticket creation page...
2019-08-20 19:00:28.223 [Test worker] INFO  setDefaultAttributes - Setting attributes by default...
2019-08-20 19:00:28.224 [Test worker] INFO  nextStep - Going to next page...
2019-08-20 19:00:29.036 [Test worker] INFO  setDefaultAttributes - Setting attributes by default...
2019-08-20 19:00:30.097 [Test worker] INFO  <init> - Initializing options...
2019-08-20 19:00:31.466 [Test worker] INFO  nextStep - Going to next page...
2019-08-20 19:00:32.078 [Test worker] INFO  setDefaultAttributes - Setting attributes by default...
2019-08-20 19:00:33.899 [Test worker] INFO  nextStep - Going to next page...
2019-08-20 19:00:34.625 [Test worker] INFO  setDefaultAttributes - Setting attributes by default...
2019-08-20 19:00:34.625 [Test worker] INFO  nextStep - Going to next page...
2019-08-20 19:10:04.652 [Test worker] INFO  <clinit> - Initializing browser
2019-08-20 19:10:13.454 [Test worker] INFO  <init> - Initializing StartPage...
2019-08-20 19:10:13.483 [Test worker] INFO  login - Autorization...
2019-08-20 19:10:13.786 [Test worker] INFO  goToPage - going to page TICKETS
2019-08-20 19:10:14.523 [Test worker] INFO  <init> - Initializing tickets page...
2019-08-20 19:10:15.378 [Test worker] INFO  createTicket - Creating ticket...
2019-08-20 19:10:15.669 [Test worker] INFO  <init> - Initializing ticket creation page...
2019-08-20 19:10:15.673 [Test worker] INFO  setDefaultAttributes - Setting attributes by default...
2019-08-20 19:10:15.674 [Test worker] INFO  nextStep - Going to next page...
2019-08-20 19:10:16.447 [Test worker] INFO  setDefaultAttributes - Setting attributes by default...
2019-08-20 19:10:17.378 [Test worker] INFO  <init> - Initializing options...
2019-08-20 19:10:18.273 [Test worker] INFO  nextStep - Going to next page...
2019-08-20 19:10:18.781 [Test worker] INFO  setDefaultAttributes - Setting attributes by default...
2019-08-20 19:10:20.460 [Test worker] INFO  nextStep - Going to next page...
2019-08-20 19:10:21.195 [Test worker] INFO  setDefaultAttributes - Setting attributes by default...
2019-08-20 19:10:21.195 [Test worker] INFO  nextStep - Going to next page...
2019-08-20 19:11:20.811 [Test worker] INFO  <clinit> - Initializing browser
2019-08-20 19:11:25.282 [Test worker] INFO  <init> - Initializing StartPage...
2019-08-20 19:11:25.318 [Test worker] INFO  login - Autorization...
2019-08-20 19:11:25.665 [Test worker] INFO  goToPage - going to page TICKETS
2019-08-20 19:11:26.505 [Test worker] INFO  <init> - Initializing tickets page...
2019-08-20 19:11:27.387 [Test worker] INFO  createTicket - Creating ticket...
2019-08-20 19:11:27.703 [Test worker] INFO  <init> - Initializing ticket creation page...
2019-08-20 19:11:27.707 [Test worker] INFO  setDefaultAttributes - Setting attributes by default...
2019-08-20 19:11:27.708 [Test worker] INFO  nextStep - Going to next page...
2019-08-20 19:11:28.495 [Test worker] INFO  setDefaultAttributes - Setting attributes by default...
2019-08-20 19:11:29.488 [Test worker] INFO  <init> - Initializing options...
2019-08-20 19:11:30.768 [Test worker] INFO  nextStep - Going to next page...
2019-08-20 19:11:31.322 [Test worker] INFO  setDefaultAttributes - Setting attributes by default...
2019-08-20 19:11:32.981 [Test worker] INFO  nextStep - Going to next page...
2019-08-20 19:11:33.741 [Test worker] INFO  setDefaultAttributes - Setting attributes by default...
2019-08-20 19:11:33.742 [Test worker] INFO  nextStep - Going to next page...
2019-08-20 20:54:22.697 [Test worker] INFO  <clinit> - Initializing browser
2019-08-20 20:54:48.068 [Test worker] INFO  <init> - Initializing StartPage...
2019-08-20 20:54:48.107 [Test worker] INFO  login - Autorization...
2019-08-20 20:57:03.863 [Test worker] INFO  <clinit> - Initializing browser
2019-08-20 20:57:28.793 [Test worker] INFO  <init> - Initializing StartPage...
2019-08-20 20:57:28.828 [Test worker] INFO  login - Autorization...
