2019-08-27 17:21:03.979 [Test worker] INFO  <clinit> - Initializing browser
2019-08-27 17:21:21.741 [Test worker] INFO  <clinit> - Initializing browser
2019-08-27 17:21:28.390 [Test worker] INFO  login - Autorization...
2019-08-27 17:21:28.393 [Test worker] INFO  setUsername - Setting username...
2019-08-27 17:21:28.394 [Test worker] INFO  setPassword - Setting password...
2019-08-27 17:21:28.396 [Test worker] INFO  commit - Load main page...
2019-08-27 17:21:28.959 [Test worker] INFO  goToPage - going to page TICKETS
2019-08-27 17:21:31.632 [Test worker] INFO  createTicket - Creating ticket...
2019-08-27 17:21:32.173 [Test worker] INFO  startNET - Network Starting registration...
2019-08-27 17:21:32.373 [Test worker] INFO  setDefaultAttributes - Setting attributes by default...
2019-08-27 17:21:32.374 [Test worker] INFO  nextStep - Going to next page...
2019-08-27 17:28:47.729 [Test worker] INFO  <clinit> - Initializing browser
2019-08-27 17:28:55.016 [Test worker] INFO  login - Autorization...
2019-08-27 17:28:55.042 [Test worker] INFO  setUsername - Setting username...
2019-08-27 17:28:55.048 [Test worker] INFO  setPassword - Setting password...
2019-08-27 17:28:55.055 [Test worker] INFO  commit - Load main page...
2019-08-27 17:28:55.831 [Test worker] INFO  goToPage - going to page TICKETS
2019-08-27 17:28:59.140 [Test worker] INFO  createTicket - Creating ticket...
2019-08-27 17:29:00.535 [Test worker] INFO  startNET - Network Starting registration...
2019-08-27 17:29:01.594 [Test worker] INFO  setDefaultAttributes - Setting attributes by default...
2019-08-27 17:29:01.595 [Test worker] INFO  nextStep - Going to next page...
2019-08-27 17:31:23.497 [Test worker] INFO  <clinit> - Initializing browser
2019-08-27 17:31:28.819 [Test worker] INFO  login - Autorization...
2019-08-27 17:31:28.822 [Test worker] INFO  setUsername - Setting username...
2019-08-27 17:31:28.823 [Test worker] INFO  setPassword - Setting password...
2019-08-27 17:31:28.824 [Test worker] INFO  commit - Load main page...
2019-08-27 17:31:29.263 [Test worker] INFO  goToPage - going to page TICKETS
2019-08-27 17:31:31.375 [Test worker] INFO  createTicket - Creating ticket...
2019-08-27 17:31:31.769 [Test worker] INFO  startNET - Network Starting registration...
2019-08-27 17:31:32.311 [Test worker] INFO  setDefaultAttributes - Setting attributes by default...
2019-08-27 17:31:32.312 [Test worker] INFO  nextStep - Going to next page...
2019-08-27 17:35:28.712 [Test worker] INFO  <clinit> - Initializing browser
2019-08-27 17:35:33.967 [Test worker] INFO  login - Autorization...
2019-08-27 17:35:33.970 [Test worker] INFO  setUsername - Setting username...
2019-08-27 17:35:33.972 [Test worker] INFO  setPassword - Setting password...
2019-08-27 17:35:33.972 [Test worker] INFO  commit - Load main page...
2019-08-27 17:35:34.386 [Test worker] INFO  goToPage - going to page TICKETS
2019-08-27 17:35:36.463 [Test worker] INFO  createTicket - Creating ticket...
2019-08-27 17:35:36.864 [Test worker] INFO  startNET - Network Starting registration...
2019-08-27 17:35:37.412 [Test worker] INFO  setDefaultAttributes - Setting attributes by default...
2019-08-27 17:35:37.413 [Test worker] INFO  nextStep - Going to next page...
2019-08-27 17:35:51.759 [Test worker] INFO  setDefaultAttributes - Setting attributes by default...
2019-08-27 17:35:51.760 [Test worker] INFO  nextStep - Going to next page...
2019-08-27 17:36:33.508 [Test worker] INFO  <clinit> - Initializing browser
2019-08-27 17:36:38.416 [Test worker] INFO  login - Autorization...
2019-08-27 17:36:38.419 [Test worker] INFO  setUsername - Setting username...
2019-08-27 17:36:38.419 [Test worker] INFO  setPassword - Setting password...
2019-08-27 17:36:38.421 [Test worker] INFO  commit - Load main page...
2019-08-27 17:36:38.879 [Test worker] INFO  goToPage - going to page TICKETS
2019-08-27 17:36:41.222 [Test worker] INFO  createTicket - Creating ticket...
2019-08-27 17:36:41.691 [Test worker] INFO  startNET - Network Starting registration...
2019-08-27 17:36:42.475 [Test worker] INFO  setDefaultAttributes - Setting attributes by default...
2019-08-27 17:36:42.477 [Test worker] INFO  nextStep - Going to next page...
2019-08-27 17:41:32.683 [Test worker] INFO  <clinit> - Initializing browser
2019-08-27 17:41:38.422 [Test worker] INFO  login - Autorization...
2019-08-27 17:41:38.425 [Test worker] INFO  setUsername - Setting username...
2019-08-27 17:41:38.427 [Test worker] INFO  setPassword - Setting password...
2019-08-27 17:41:38.428 [Test worker] INFO  commit - Load main page...
2019-08-27 17:41:38.927 [Test worker] INFO  goToPage - going to page TICKETS
2019-08-27 17:41:41.256 [Test worker] INFO  createTicket - Creating ticket...
2019-08-27 17:41:41.662 [Test worker] INFO  startNET - Network Starting registration...
2019-08-27 17:41:42.246 [Test worker] INFO  setDefaultAttributes - Setting attributes by default...
2019-08-27 17:41:42.247 [Test worker] INFO  nextStep - Going to next page...
2019-08-27 17:41:44.113 [Test worker] INFO  setDefaultAttributes - Setting attributes by default...
2019-08-27 17:41:44.114 [Test worker] INFO  nextStep - Going to next page...
2019-08-27 18:03:35.838 [Test worker] INFO  <clinit> - Initializing browser
2019-08-27 18:03:41.901 [Test worker] INFO  login - Autorization...
2019-08-27 18:03:41.904 [Test worker] INFO  setUsername - Setting username...
2019-08-27 18:03:41.905 [Test worker] INFO  setPassword - Setting password...
2019-08-27 18:03:41.906 [Test worker] INFO  commit - Load main page...
2019-08-27 18:03:42.348 [Test worker] INFO  goToPage - going to page TICKETS
2019-08-27 18:03:44.863 [Test worker] INFO  createTicket - Creating ticket...
2019-08-27 18:03:45.417 [Test worker] INFO  startNET - Network Starting registration...
2019-08-27 18:03:46.091 [Test worker] INFO  setDefaultAttributes - Setting attributes by default...
2019-08-27 18:03:46.093 [Test worker] INFO  nextStep - Going to next page...
2019-08-27 18:03:47.966 [Test worker] INFO  setDefaultAttributes - Setting attributes by default...
2019-08-27 18:03:47.967 [Test worker] INFO  nextStep - Going to next page...
2019-08-27 18:04:14.634 [Test worker] INFO  <clinit> - Initializing browser
2019-08-27 18:04:19.873 [Test worker] INFO  login - Autorization...
2019-08-27 18:04:19.876 [Test worker] INFO  setUsername - Setting username...
2019-08-27 18:04:19.877 [Test worker] INFO  setPassword - Setting password...
2019-08-27 18:04:19.879 [Test worker] INFO  commit - Load main page...
2019-08-27 18:04:20.288 [Test worker] INFO  goToPage - going to page TICKETS
2019-08-27 18:04:22.661 [Test worker] INFO  setDefaultAttributes - Setting attributes by default...
2019-08-27 18:22:18.659 [Test worker] INFO  <clinit> - Initializing browser
2019-08-27 18:22:28.460 [Test worker] INFO  login - Autorization...
2019-08-27 18:22:28.462 [Test worker] INFO  setUsername - Setting username...
2019-08-27 18:22:28.463 [Test worker] INFO  setPassword - Setting password...
2019-08-27 18:22:28.464 [Test worker] INFO  commit - Load main page...
2019-08-27 18:22:28.937 [Test worker] INFO  goToPage - going to page TICKETS
2019-08-27 18:22:31.303 [Test worker] INFO  setDefaultAttributes - Setting attributes by default...
2019-08-27 18:23:10.384 [Test worker] INFO  <clinit> - Initializing browser
2019-08-27 18:23:15.789 [Test worker] INFO  login - Autorization...
2019-08-27 18:23:15.793 [Test worker] INFO  setUsername - Setting username...
2019-08-27 18:23:15.794 [Test worker] INFO  setPassword - Setting password...
2019-08-27 18:23:15.795 [Test worker] INFO  commit - Load main page...
2019-08-27 18:23:16.204 [Test worker] INFO  goToPage - going to page TICKETS
2019-08-27 18:23:18.320 [Test worker] INFO  lolol - 11111111111111111111111111111111111111111111111111111111111111
2019-08-27 18:23:18.321 [Test worker] INFO  createTicket - Creating ticket...
2019-08-27 18:23:18.638 [Test worker] INFO  start - Starting registration...
2019-08-27 18:23:18.640 [Test worker] INFO  setDefaultAttributes - Setting attributes by default...
2019-08-27 18:23:18.641 [Test worker] INFO  nextStep - Going to next page...
2019-08-27 18:23:20.496 [Test worker] INFO  setDefaultAttributes - Setting attributes by default...
2019-08-27 18:23:21.404 [Test worker] INFO  find - Searching client...
2019-08-27 18:23:21.533 [Test worker] INFO  clickClientCheckboxAt - Click on checkbox at index ... 0
2019-08-27 18:23:22.474 [Test worker] INFO  clickOrderCheckboxAt - Click on checkbox at index ... 0
2019-08-27 18:23:22.689 [Test worker] INFO  nextStep - Going to next page...
2019-08-27 18:23:27.270 [Test worker] INFO  setDefaultAttributes - Setting attributes by default...
2019-08-27 18:23:27.926 [Test worker] INFO  nextStep - Going to next page...
2019-08-27 18:23:29.770 [Test worker] INFO  setDefaultAttributes - Setting attributes by default...
2019-08-27 18:23:29.771 [Test worker] INFO  nextStep - Going to next page...
2019-08-27 18:23:30.587 [Test worker] INFO  setDefaultAttributes - Setting attributes by default...
2019-08-27 18:23:51.921 [Test worker] INFO  <clinit> - Initializing browser
2019-08-27 18:23:57.891 [Test worker] INFO  login - Autorization...
2019-08-27 18:23:57.894 [Test worker] INFO  setUsername - Setting username...
2019-08-27 18:23:57.895 [Test worker] INFO  setPassword - Setting password...
2019-08-27 18:23:57.897 [Test worker] INFO  commit - Load main page...
2019-08-27 18:23:58.384 [Test worker] INFO  goToPage - going to page TICKETS
2019-08-27 18:24:01.063 [Test worker] INFO  createTicket - Creating ticket...
2019-08-27 18:24:01.477 [Test worker] INFO  start - Starting registration...
2019-08-27 18:24:01.479 [Test worker] INFO  setDefaultAttributes - Setting attributes by default...
2019-08-27 18:24:01.480 [Test worker] INFO  nextStep - Going to next page...
2019-08-27 18:24:03.397 [Test worker] INFO  setDefaultAttributes - Setting attributes by default...
2019-08-27 18:24:04.398 [Test worker] INFO  find - Searching client...
2019-08-27 18:24:04.552 [Test worker] INFO  clickClientCheckboxAt - Click on checkbox at index ... 0
2019-08-27 18:24:05.587 [Test worker] INFO  clickOrderCheckboxAt - Click on checkbox at index ... 0
2019-08-27 18:24:05.783 [Test worker] INFO  nextStep - Going to next page...
2019-08-27 18:24:06.445 [Test worker] INFO  setDefaultAttributes - Setting attributes by default...
2019-08-27 18:24:06.928 [Test worker] INFO  nextStep - Going to next page...
2019-08-27 18:24:08.759 [Test worker] INFO  setDefaultAttributes - Setting attributes by default...
2019-08-27 18:24:08.760 [Test worker] INFO  nextStep - Going to next page...
2019-08-27 18:24:09.560 [Test worker] INFO  setDefaultAttributes - Setting attributes by default...
2019-08-27 18:38:08.873 [Test worker] INFO  <clinit> - Initializing browser
2019-08-27 18:38:14.692 [Test worker] INFO  login - Autorization...
2019-08-27 18:38:14.694 [Test worker] INFO  setUsername - Setting username...
2019-08-27 18:38:14.696 [Test worker] INFO  setPassword - Setting password...
2019-08-27 18:38:14.696 [Test worker] INFO  commit - Load main page...
2019-08-27 18:38:15.171 [Test worker] INFO  goToPage - going to page TICKETS
2019-08-27 18:38:17.661 [Test worker] INFO  createTicket - Creating ticket...
2019-08-27 18:38:18.139 [Test worker] INFO  startNET - Network Starting registration...
2019-08-27 18:41:38.780 [Test worker] INFO  <clinit> - Initializing browser
2019-08-27 18:41:44.523 [Test worker] INFO  login - Autorization...
2019-08-27 18:41:44.525 [Test worker] INFO  setUsername - Setting username...
2019-08-27 18:41:44.526 [Test worker] INFO  setPassword - Setting password...
2019-08-27 18:41:44.527 [Test worker] INFO  commit - Load main page...
2019-08-27 18:41:45.161 [Test worker] INFO  goToPage - going to page TICKETS
2019-08-27 18:41:47.826 [Test worker] INFO  createTicket - Creating ticket...
2019-08-27 18:41:48.289 [Test worker] INFO  startNET - Network Starting registration...
2019-08-27 18:55:27.627 [Test worker] INFO  <clinit> - Initializing browser
2019-08-27 18:55:33.596 [Test worker] INFO  login - Autorization...
2019-08-27 18:55:33.599 [Test worker] INFO  setUsername - Setting username...
2019-08-27 18:55:33.600 [Test worker] INFO  setPassword - Setting password...
2019-08-27 18:55:33.601 [Test worker] INFO  commit - Load main page...
2019-08-27 18:55:34.067 [Test worker] INFO  goToPage - going to page TICKETS
2019-08-27 18:55:36.555 [Test worker] INFO  createTicket - Creating ticket...
2019-08-27 18:55:37.110 [Test worker] INFO  startNET - Network Starting registration...
2019-08-27 18:56:09.459 [Test worker] INFO  <clinit> - Initializing browser
2019-08-27 18:56:15.088 [Test worker] INFO  login - Autorization...
2019-08-27 18:56:15.091 [Test worker] INFO  setUsername - Setting username...
2019-08-27 18:56:15.092 [Test worker] INFO  setPassword - Setting password...
2019-08-27 18:56:15.093 [Test worker] INFO  commit - Load main page...
2019-08-27 18:56:15.579 [Test worker] INFO  goToPage - going to page TICKETS
2019-08-27 18:56:17.865 [Test worker] INFO  createTicket - Creating ticket...
2019-08-27 18:56:18.297 [Test worker] INFO  startNET - Network Starting registration...
2019-08-27 18:56:56.822 [Test worker] INFO  <clinit> - Initializing browser
2019-08-27 18:57:02.591 [Test worker] INFO  login - Autorization...
2019-08-27 18:57:02.593 [Test worker] INFO  setUsername - Setting username...
2019-08-27 18:57:02.594 [Test worker] INFO  setPassword - Setting password...
2019-08-27 18:57:02.595 [Test worker] INFO  commit - Load main page...
2019-08-27 18:57:03.079 [Test worker] INFO  goToPage - going to page TICKETS
2019-08-27 18:57:05.559 [Test worker] INFO  createTicket - Creating ticket...
2019-08-27 18:57:05.990 [Test worker] INFO  startNET - Network Starting registration...
2019-08-27 19:00:17.210 [Test worker] INFO  <clinit> - Initializing browser
2019-08-27 19:00:22.866 [Test worker] INFO  login - Autorization...
2019-08-27 19:00:22.869 [Test worker] INFO  setUsername - Setting username...
2019-08-27 19:00:22.871 [Test worker] INFO  setPassword - Setting password...
2019-08-27 19:00:22.872 [Test worker] INFO  commit - Load main page...
2019-08-27 19:00:23.380 [Test worker] INFO  goToPage - going to page TICKETS
2019-08-27 19:00:25.726 [Test worker] INFO  createTicket - Creating ticket...
2019-08-27 19:00:26.134 [Test worker] INFO  startNET - Network Starting registration...
2019-08-27 19:00:30.485 [Test worker] INFO  lolol - 11111111111111111111111111111111111111111111111111111111111111
2019-08-27 19:00:56.330 [Test worker] INFO  <clinit> - Initializing browser
2019-08-27 19:01:03.973 [Test worker] INFO  login - Autorization...
2019-08-27 19:01:03.976 [Test worker] INFO  setUsername - Setting username...
2019-08-27 19:01:03.977 [Test worker] INFO  setPassword - Setting password...
2019-08-27 19:01:03.978 [Test worker] INFO  commit - Load main page...
2019-08-27 19:01:05.070 [Test worker] INFO  goToPage - going to page TICKETS
2019-08-27 19:01:07.383 [Test worker] INFO  createTicket - Creating ticket...
2019-08-27 19:01:07.847 [Test worker] INFO  startNET - Network Starting registration...
2019-08-27 19:01:08.562 [Test worker] INFO  lolol - 11111111111111111111111111111111111111111111111111111111111111
2019-08-27 19:01:24.006 [Test worker] INFO  <clinit> - Initializing browser
2019-08-27 19:01:29.827 [Test worker] INFO  login - Autorization...
2019-08-27 19:01:29.829 [Test worker] INFO  setUsername - Setting username...
2019-08-27 19:01:29.830 [Test worker] INFO  setPassword - Setting password...
2019-08-27 19:01:29.831 [Test worker] INFO  commit - Load main page...
2019-08-27 19:01:30.286 [Test worker] INFO  goToPage - going to page TICKETS
2019-08-27 19:01:32.591 [Test worker] INFO  createTicket - Creating ticket...
2019-08-27 19:01:33.035 [Test worker] INFO  startNET - Network Starting registration...
2019-08-27 19:01:33.862 [Test worker] INFO  lolol - 11111111111111111111111111111111111111111111111111111111111111
2019-08-27 19:04:41.729 [Test worker] INFO  <clinit> - Initializing browser
2019-08-27 19:04:46.978 [Test worker] INFO  login - Autorization...
2019-08-27 19:04:46.981 [Test worker] INFO  setUsername - Setting username...
2019-08-27 19:04:46.982 [Test worker] INFO  setPassword - Setting password...
2019-08-27 19:04:46.983 [Test worker] INFO  commit - Load main page...
2019-08-27 19:04:47.389 [Test worker] INFO  goToPage - going to page TICKETS
2019-08-27 19:04:49.623 [Test worker] INFO  createTicket - Creating ticket...
2019-08-27 19:04:50.039 [Test worker] INFO  startNET - Network Starting registration...
2019-08-27 19:05:27.375 [Test worker] INFO  <clinit> - Initializing browser
2019-08-27 19:05:33.746 [Test worker] INFO  login - Autorization...
2019-08-27 19:05:33.750 [Test worker] INFO  setUsername - Setting username...
2019-08-27 19:05:33.751 [Test worker] INFO  setPassword - Setting password...
2019-08-27 19:05:33.752 [Test worker] INFO  commit - Load main page...
2019-08-27 19:05:34.221 [Test worker] INFO  goToPage - going to page TICKETS
2019-08-27 19:05:36.123 [Test worker] INFO  createTicket - Creating ticket...
2019-08-27 19:05:36.493 [Test worker] INFO  startNET - Network Starting registration...
2019-08-27 19:08:06.087 [Test worker] INFO  <clinit> - Initializing browser
2019-08-27 19:08:13.450 [Test worker] INFO  login - Autorization...
2019-08-27 19:08:13.453 [Test worker] INFO  setUsername - Setting username...
2019-08-27 19:08:13.454 [Test worker] INFO  setPassword - Setting password...
2019-08-27 19:08:13.455 [Test worker] INFO  commit - Load main page...
2019-08-27 19:08:13.941 [Test worker] INFO  goToPage - going to page TICKETS
2019-08-27 19:08:15.939 [Test worker] INFO  createTicket - Creating ticket...
2019-08-27 19:08:16.340 [Test worker] INFO  startNET - Network Starting registration...
2019-08-27 19:08:16.993 [Test worker] INFO  lolol1 - 11111111111111111111111111111111111111111111111111111111111111
