2019-08-08 14:18:24.783 [Test worker] INFO  <clinit> - Initializing browser
2019-08-08 14:18:51.159 [Test worker] INFO  <init> - Initializing StartPage...
2019-08-08 14:18:51.399 [Test worker] INFO  login - Autorization...
2019-08-08 14:18:54.482 [Test worker] INFO  goToPage - going to page TICKETS
2019-08-08 14:19:05.256 [Test worker] INFO  <init> - Initializing tickets page...
2019-08-08 14:20:31.003 [Test worker] INFO  <clinit> - Initializing browser
2019-08-08 14:20:44.229 [Test worker] INFO  <init> - Initializing StartPage...
2019-08-08 14:20:44.278 [Test worker] INFO  login - Autorization...
2019-08-08 14:20:45.094 [Test worker] INFO  goToPage - going to page TICKETS
2019-08-08 14:20:46.979 [Test worker] INFO  <init> - Initializing tickets page...
2019-08-08 14:20:57.461 [Test worker] INFO  createTicket - Creating ticket...
2019-08-08 14:28:01.994 [Test worker] INFO  <clinit> - Initializing browser
2019-08-08 14:28:08.464 [Test worker] INFO  <init> - Initializing StartPage...
2019-08-08 14:28:08.502 [Test worker] INFO  login - Autorization...
2019-08-08 14:28:09.031 [Test worker] INFO  goToPage - going to page TICKETS
2019-08-08 14:28:10.395 [Test worker] INFO  <init> - Initializing tickets page...
2019-08-08 14:29:04.256 [Test worker] INFO  <clinit> - Initializing browser
2019-08-08 14:29:15.377 [Test worker] INFO  <init> - Initializing StartPage...
2019-08-08 14:29:15.422 [Test worker] INFO  login - Autorization...
2019-08-08 14:29:16.159 [Test worker] INFO  goToPage - going to page TICKETS
2019-08-08 14:29:17.634 [Test worker] INFO  <init> - Initializing tickets page...
2019-08-08 14:30:13.595 [Test worker] INFO  <clinit> - Initializing browser
2019-08-08 14:30:26.458 [Test worker] INFO  <init> - Initializing StartPage...
2019-08-08 14:30:26.499 [Test worker] INFO  login - Autorization...
2019-08-08 14:30:27.027 [Test worker] INFO  goToPage - going to page TICKETS
2019-08-08 14:30:28.395 [Test worker] INFO  <init> - Initializing tickets page...
2019-08-08 14:34:55.803 [Test worker] INFO  <clinit> - Initializing browser
2019-08-08 14:35:05.123 [Test worker] INFO  <init> - Initializing StartPage...
2019-08-08 14:35:05.163 [Test worker] INFO  login - Autorization...
2019-08-08 14:35:05.789 [Test worker] INFO  goToPage - going to page TICKETS
2019-08-08 14:35:07.186 [Test worker] INFO  <init> - Initializing tickets page...
2019-08-08 14:36:35.001 [Test worker] INFO  <clinit> - Initializing browser
2019-08-08 14:36:40.936 [Test worker] INFO  <init> - Initializing StartPage...
2019-08-08 14:36:40.974 [Test worker] INFO  login - Autorization...
2019-08-08 14:36:41.538 [Test worker] INFO  goToPage - going to page TICKETS
2019-08-08 14:36:42.054 [Test worker] INFO  <init> - Initializing tickets page...
2019-08-08 14:40:08.692 [Test worker] INFO  <clinit> - Initializing browser
2019-08-08 14:40:15.741 [Test worker] INFO  <init> - Initializing StartPage...
2019-08-08 14:40:15.787 [Test worker] INFO  login - Autorization...
2019-08-08 14:40:16.249 [Test worker] INFO  goToPage - going to page TICKETS
2019-08-08 14:40:17.328 [Test worker] INFO  <init> - Initializing tickets page...
2019-08-08 14:44:14.273 [Test worker] INFO  <clinit> - Initializing browser
2019-08-08 14:44:21.228 [Test worker] INFO  <init> - Initializing StartPage...
2019-08-08 14:44:21.275 [Test worker] INFO  login - Autorization...
2019-08-08 14:44:21.893 [Test worker] INFO  goToPage - going to page TICKETS
2019-08-08 14:44:23.650 [Test worker] INFO  <init> - Initializing tickets page...
2019-08-08 14:44:34.001 [Test worker] INFO  createTicket - Creating ticket...
2019-08-08 14:44:34.262 [Test worker] INFO  <init> - Initializing ticket creation page...
2019-08-08 14:57:14.039 [Test worker] INFO  <clinit> - Initializing browser
2019-08-08 14:57:35.745 [Test worker] INFO  <init> - Initializing StartPage...
2019-08-08 14:57:35.789 [Test worker] INFO  login - Autorization...
2019-08-08 14:57:36.309 [Test worker] INFO  goToPage - going to page TICKETS
2019-08-08 14:57:37.650 [Test worker] INFO  <init> - Initializing tickets page...
2019-08-08 14:58:35.398 [Test worker] INFO  <clinit> - Initializing browser
2019-08-08 14:58:46.914 [Test worker] INFO  <init> - Initializing StartPage...
2019-08-08 14:58:46.953 [Test worker] INFO  login - Autorization...
2019-08-08 14:58:47.494 [Test worker] INFO  goToPage - going to page TICKETS
2019-08-08 14:58:48.655 [Test worker] INFO  <init> - Initializing tickets page...
2019-08-08 14:58:58.850 [Test worker] INFO  createTicket - Creating ticket...
2019-08-08 15:00:14.745 [Test worker] INFO  <clinit> - Initializing browser
2019-08-08 15:00:23.902 [Test worker] INFO  <init> - Initializing StartPage...
2019-08-08 15:00:23.943 [Test worker] INFO  login - Autorization...
2019-08-08 15:00:24.367 [Test worker] INFO  goToPage - going to page TICKETS
2019-08-08 15:00:25.594 [Test worker] INFO  <init> - Initializing tickets page...
2019-08-08 15:00:35.913 [Test worker] INFO  createTicket - Creating ticket...
2019-08-08 15:00:36.135 [Test worker] INFO  <init> - Initializing ticket creation page...
2019-08-08 15:01:23.715 [Test worker] INFO  <clinit> - Initializing browser
2019-08-08 15:01:35.189 [Test worker] INFO  <init> - Initializing StartPage...
2019-08-08 15:01:35.280 [Test worker] INFO  login - Autorization...
2019-08-08 15:01:35.926 [Test worker] INFO  goToPage - going to page TICKETS
2019-08-08 15:01:37.894 [Test worker] INFO  <init> - Initializing tickets page...
2019-08-08 15:02:28.845 [Test worker] INFO  <clinit> - Initializing browser
2019-08-08 15:02:38.557 [Test worker] INFO  <init> - Initializing StartPage...
2019-08-08 15:02:38.594 [Test worker] INFO  login - Autorization...
2019-08-08 15:02:39.213 [Test worker] INFO  goToPage - going to page TICKETS
2019-08-08 15:02:40.649 [Test worker] INFO  <init> - Initializing tickets page...
2019-08-08 15:02:41.296 [Test worker] INFO  createTicket - Creating ticket...
2019-08-08 15:02:42.278 [Test worker] INFO  <init> - Initializing ticket creation page...
2019-08-08 15:03:37.088 [Test worker] INFO  <clinit> - Initializing browser
2019-08-08 15:03:46.069 [Test worker] INFO  <init> - Initializing StartPage...
2019-08-08 15:03:46.116 [Test worker] INFO  login - Autorization...
2019-08-08 15:03:46.720 [Test worker] INFO  goToPage - going to page TICKETS
2019-08-08 15:03:48.149 [Test worker] INFO  <init> - Initializing tickets page...
2019-08-08 15:03:48.363 [Test worker] INFO  createTicket - Creating ticket...
2019-08-08 15:06:17.106 [Test worker] INFO  <clinit> - Initializing browser
2019-08-08 15:06:35.005 [Test worker] INFO  <init> - Initializing StartPage...
2019-08-08 15:06:35.050 [Test worker] INFO  login - Autorization...
2019-08-08 15:06:35.439 [Test worker] INFO  goToPage - going to page TICKETS
2019-08-08 15:06:36.547 [Test worker] INFO  <init> - Initializing tickets page...
2019-08-08 15:07:46.433 [Test worker] INFO  <clinit> - Initializing browser
2019-08-08 15:07:57.171 [Test worker] INFO  <init> - Initializing StartPage...
2019-08-08 15:07:57.210 [Test worker] INFO  login - Autorization...
2019-08-08 15:07:57.736 [Test worker] INFO  goToPage - going to page TICKETS
2019-08-08 15:07:58.874 [Test worker] INFO  <init> - Initializing tickets page...
2019-08-08 15:07:59.173 [Test worker] INFO  createTicket - Creating ticket...
2019-08-08 15:07:59.654 [Test worker] INFO  <init> - Initializing ticket creation page...
2019-08-08 15:08:27.846 [Test worker] INFO  <clinit> - Initializing browser
2019-08-08 15:08:36.019 [Test worker] INFO  <init> - Initializing StartPage...
2019-08-08 15:08:36.059 [Test worker] INFO  login - Autorization...
2019-08-08 15:08:36.474 [Test worker] INFO  goToPage - going to page TICKETS
2019-08-08 15:08:37.566 [Test worker] INFO  <init> - Initializing tickets page...
2019-08-08 15:08:37.865 [Test worker] INFO  createTicket - Creating ticket...
2019-08-08 15:09:51.510 [Test worker] INFO  <clinit> - Initializing browser
2019-08-08 15:10:01.737 [Test worker] INFO  <init> - Initializing StartPage...
2019-08-08 15:10:01.776 [Test worker] INFO  login - Autorization...
2019-08-08 15:10:02.194 [Test worker] INFO  goToPage - going to page TICKETS
2019-08-08 15:10:03.160 [Test worker] INFO  <init> - Initializing tickets page...
2019-08-08 15:10:03.548 [Test worker] INFO  createTicket - Creating ticket...
2019-08-08 15:10:40.322 [Test worker] INFO  <clinit> - Initializing browser
2019-08-08 15:10:50.634 [Test worker] INFO  <init> - Initializing StartPage...
2019-08-08 15:10:50.667 [Test worker] INFO  login - Autorization...
2019-08-08 15:10:51.077 [Test worker] INFO  goToPage - going to page TICKETS
2019-08-08 15:10:52.108 [Test worker] INFO  <init> - Initializing tickets page...
2019-08-08 15:10:52.392 [Test worker] INFO  createTicket - Creating ticket...
2019-08-08 15:18:15.388 [Test worker] INFO  <clinit> - Initializing browser
2019-08-08 15:18:21.786 [Test worker] INFO  <init> - Initializing StartPage...
2019-08-08 15:18:21.836 [Test worker] INFO  login - Autorization...
2019-08-08 15:18:22.412 [Test worker] INFO  goToPage - going to page TICKETS
2019-08-08 15:18:23.915 [Test worker] INFO  <init> - Initializing tickets page...
2019-08-08 15:18:25.157 [Test worker] INFO  createTicket - Creating ticket...
2019-08-08 15:18:25.381 [Test worker] INFO  <init> - Initializing ticket creation page...
2019-08-08 15:19:01.012 [Test worker] INFO  <clinit> - Initializing browser
2019-08-08 15:19:11.542 [Test worker] INFO  <init> - Initializing StartPage...
2019-08-08 15:19:11.582 [Test worker] INFO  login - Autorization...
2019-08-08 15:19:12.117 [Test worker] INFO  goToPage - going to page TICKETS
2019-08-08 15:19:13.404 [Test worker] INFO  <init> - Initializing tickets page...
2019-08-08 15:19:14.418 [Test worker] INFO  createTicket - Creating ticket...
2019-08-08 15:19:14.651 [Test worker] INFO  <init> - Initializing ticket creation page...
2019-08-08 15:19:53.339 [Test worker] INFO  <clinit> - Initializing browser
2019-08-08 15:20:02.632 [Test worker] INFO  <init> - Initializing StartPage...
2019-08-08 15:20:02.674 [Test worker] INFO  login - Autorization...
2019-08-08 15:20:03.109 [Test worker] INFO  goToPage - going to page TICKETS
2019-08-08 15:20:04.341 [Test worker] INFO  <init> - Initializing tickets page...
2019-08-08 15:20:05.384 [Test worker] INFO  createTicket - Creating ticket...
2019-08-08 15:20:05.614 [Test worker] INFO  <init> - Initializing ticket creation page...
2019-08-08 15:21:24.653 [Test worker] INFO  <clinit> - Initializing browser
2019-08-08 15:21:30.705 [Test worker] INFO  <init> - Initializing StartPage...
2019-08-08 15:21:30.747 [Test worker] INFO  login - Autorization...
2019-08-08 15:21:31.328 [Test worker] INFO  goToPage - going to page TICKETS
2019-08-08 15:22:31.015 [Test worker] INFO  <clinit> - Initializing browser
2019-08-08 15:22:37.157 [Test worker] INFO  <init> - Initializing StartPage...
2019-08-08 15:22:37.196 [Test worker] INFO  login - Autorization...
2019-08-08 15:22:37.611 [Test worker] INFO  goToPage - going to page TICKETS
2019-08-08 15:22:41.076 [Test worker] INFO  <init> - Initializing tickets page...
2019-08-08 15:22:42.176 [Test worker] INFO  createTicket - Creating ticket...
2019-08-08 15:22:42.386 [Test worker] INFO  <init> - Initializing ticket creation page...
